VI_SSEM_575273_2011-05-26T05:19:50.824_G475_MR_202166_Q2_hi.fits[2499,440][real]: 453432_GBS
No bad pixels, min=0., max=0. (old)
Line storage mode, physdim [2499,440], length of user area 23166 s.u.
Created Fri 16:59:03 27-May-2011, Last modified Tue 16:24:48 18-Oct-2016
Pixel file "VI_SSEM_575273_2011-05-26T05:19:50.824_G475_MR_202166_Q2_hi.fits" [ok]
EXTEND  =                    T / FITS dataset may contain extensions
COMMENT FITS (Flexible Image Transport System) format is defined in 'Astronomy
COMMENT and Astrophysics', volume 376, page 359; bibcode: 2001A&A...376..359H
DATE    = '2011-05-27T22:59:03' / file creation date (YYYY-MM-DDThh:mm:ss UT)
ORIGIN  = 'ESO     '           / European Southern Observatory
MJD-OBS =       55707.22211602 / Obs start 2011-05-26T05:19:50.824
DATE-OBS= '2011-05-26T05:19:50.824' / Date of observation
EXPTIME =              875.001 / Total integration time. 00:14:35.001
TELESCOP= 'ESO-VLT-U3'         / ESO <TEL>
RA      =           266.213591 / 17:44:51.2 RA (J2000) pointing
DEC     =            -26.32936 / -26:19:45.6  DEC (J2000) pointing
EQUINOX =                2000. / Standard FK5 (years)
RADECSYS= 'FK5     '           / Coordinate reference frame
LST     =            60714.444 / 16:51:54.444 LST at start
UTC     =               19186. / 05:19:46.000 UT at start
OBSERVER= 'VIMOS   '           / Name of observer
INSTRUME= 'VIMOS   '           / Instrument used
PI-COI  = '555555555'          / Name of PI and COI
OBJECT  = '453432_GBS'         / Original target
CRVAL1  =               3501.3 / 17:44:51.2, RA at ref pixel
CRPIX1  =                   1. / Reference pixel in X
CTYPE1  = 'LINEAR  '           / pixel coordinate system
CRVAL2  =                   1. / -26:19:45.6, DEC at ref pixel
CRPIX2  =                   1. / Reference pixel in Y
CTYPE2  = 'PIXEL   '           / pixel coordinate system
INHERIT =                    T / denotes the INHERIT keyword convention
CD1_1   =                  2.6 / Translation matrix element
CD1_2   =                   0. / Translation matrix element
CD2_1   =                   0. / Translation matrix element
CD2_2   =                   1. / Translation matrix element
CHECKSUM= '9VheATgZ3Tgd9TgZ'   / HDU checksum updated 2011-06-09T17:55:41
DATASUM = '2210294345'         / data unit checksum updated 2011-05-30T08:48:44
DATAMD5 = '30b051b7fac256c1f24b7dc7466c908f' / MD5 checksum
PIPEFILE= 'r.VIMOS.2011-05-26T05:19:50.824_tpl_0005.fits' / no comment
HIERARCH ESO OBS DID = 'ESO-VLT-DIC.OBS-1.11' / OBS Dictionary
HIERARCH ESO OBS EXECTIME = 3595 / Expected execution time
HIERARCH ESO OBS GRP = '0       ' / linked blocks
HIERARCH ESO OBS ID =   575273 / Observation block ID
HIERARCH ESO OBS NAME = 'MOS_453432-GBS' / OB name
HIERARCH ESO OBS OBSERVER = 'UNKNOWN ' / Observer Name
HIERARCH ESO OBS PI-COI ID = 7261 / ESO internal PI-COI ID
HIERARCH ESO OBS PI-COI NAME = 'UNKNOWN ' / PI-COI name
HIERARCH ESO OBS PROG ID = '085.D-0441(A)' / ESO program identification
HIERARCH ESO OBS START = '2011-05-26T04:49:47' / OB start time
HIERARCH ESO OBS TPLNO =     2 / Template number within OB
HIERARCH ESO OBS TARG NAME = '453432_GBS' / OB target name
HIERARCH ESO TPL FILE DIRNAME = '$INS_ROOT/$INS_USER/ADF' / Storage filename
HIERARCH ESO TPL FILE KEEP = T / paramfile keep-flag
HIERARCH ESO TPL DID = 'ESO-VLT-DIC.TPL-1.9' / Data dictionary for TPL
HIERARCH ESO TPL ID = 'VIMOS_mos_obs_Offset' / Template signature ID
HIERARCH ESO TPL NAME = 'MOS Observation' / Template name
HIERARCH ESO TPL PRESEQ = 'VIMOS_mos_obs_Offset' / Sequencer script
HIERARCH ESO TPL START = '2011-05-26T05:16:32' / TPL start time
HIERARCH ESO TPL VERSION = '@(#) $Revision: 1.38 $' / Version of the templat
HIERARCH ESO TPL NEXP =      2 / Number of exposures within templat
HIERARCH ESO TPL EXPNO =     1 / Exposure number within template
HIERARCH ESO TEL DID = 'ESO-VLT-DIC.TCS' / Data dictionary for TEL
HIERARCH ESO TEL ID = 'v 4.1   ' / TCS version number
HIERARCH ESO TEL DATE = '2000-01-01T00:00:00' / TCS installation date
HIERARCH ESO TEL ALT = 77.77 / Alt angle at start (deg)
HIERARCH ESO TEL AZ = 280.874 / Az angle at start (deg) S=0,W=90
HIERARCH ESO TEL GEOELEV = 2648. / Elevation above sea level (m)
HIERARCH ESO TEL GEOLAT = -24.6268 / Tel geo latitute (+=North) (deg)
HIERARCH ESO TEL GEOLON = -70.4045 / Tel geo longitude (+=East) (deg)
HIERARCH ESO TEL OPER = 'I, Condor' / Telescope Operator
HIERARCH ESO TEL FOCU ID = 'NB      ' / Telescope focus station ID
HIERARCH ESO TEL FOCU LEN = 120. / Focal length (m)
HIERARCH ESO TEL FOCU SCALE = 1.718 / Focal scale (arcsec/mm)
HIERARCH ESO TEL FOCU VALUE = -30.754 / M2 setting (mm)
HIERARCH ESO TEL PARANG START = -84.921 / Parallactic angle at start (deg)
HIERARCH ESO TEL AIRM START = 1.023 / Airmass at start
HIERARCH ESO TEL AMBI FWHM START = 1.53 / Observatory Seeing queried from AS
HIERARCH ESO TEL AMBI PRES START = 744.85 / Observatory ambient air pressure q
HIERARCH ESO TEL AMBI WINDSP = 15.32 / Observatory ambient wind speed que
HIERARCH ESO TEL AMBI WINDDIR = 23. / Observatory ambient wind directio
HIERARCH ESO TEL AMBI RHUM = 13. / Observatory ambient relative humi
HIERARCH ESO TEL AMBI TEMP = 11.41 / Observatory ambient temperature qu
HIERARCH ESO TEL MOON RA = 349.978391 / 23:19:54.8 RA (J2000) (deg)
HIERARCH ESO TEL MOON DEC = 1.40842 / 01:24:30.3 DEC (J2000) (deg)
HIERARCH ESO TEL TH M1 TEMP = 10.15 / M1 superficial temperature
HIERARCH ESO TEL TRAK STATUS = 'NORMAL  ' / Tracking status
HIERARCH ESO TEL DOME STATUS = 'FULLY-OPEN' / Dome status
HIERARCH ESO TEL CHOP ST =   F / True when chopping is active
HIERARCH ESO TEL TARG ALPHA = 174451.12 / Alpha coordinate for the target
HIERARCH ESO TEL TARG DELTA = -261946.56 / Delta coordinate for the target
HIERARCH ESO TEL TARG EPOCH = 2000. / Epoch
HIERARCH ESO TEL TARG EPOCHSYSTEM = 'J       ' / Epoch system (default J=Julian)
HIERARCH ESO TEL TARG EQUINOX = 2000. / Equinox
HIERARCH ESO TEL TARG PMA = 0. / Proper Motion Alpha
HIERARCH ESO TEL TARG PMD = 0. / Proper motion Delta
HIERARCH ESO TEL TARG RADVEL = 0. / Radial velocity
HIERARCH ESO TEL TARG PARALLAX = 0. / Parallax
HIERARCH ESO TEL TARG COORDTYPE = 'M       ' / Coordinate type (M=mean A=apparen
HIERARCH ESO TEL PARANG END = -81.133 / Parallactic angle at end (deg)
HIERARCH ESO TEL AIRM END = 1.012 / Airmass at end
HIERARCH ESO TEL AMBI FWHM END = 1.61 / Observatory Seeing queried from AS
HIERARCH ESO TEL IA FWHM = 1.38 / Delivered seeing corrected by airm
HIERARCH ESO TEL AMBI PRES END = 744.92 / Observatory ambient air pressure q
HIERARCH ESO TEL AMBI TAU0 = 0.001233 / Average coherence time
HIERARCH ESO TEL GS1 ALPHA = 174423.395 / Guide Star alpha
HIERARCH ESO TEL GS1 DELTA = -261103.192 / Guide Star delta
HIERARCH ESO TEL GS1 PPOS = 'POS     ' / Selected probe position (POS or NE
HIERARCH ESO TEL TARG NAME = '        ' / Name of special target position
HIERARCH ESO INS SWSIM = 'NORMAL  ' / Software simulation
HIERARCH ESO INS ID = 'VIMOS   ' / Instrument identification
HIERARCH ESO INS DID = 'ESO-VLT-DIC.VIMOS_ICS-2.10' / Data dictionary fo
HIERARCH ESO INS SOFT DATE = 'Dec 25 2010' / Instrument SW Release date
HIERARCH ESO INS SOFT ID = '2.27    ' / Version of ICS
HIERARCH ESO INS FOCU2 TEMP = 11.139746 / Temperature(C) for the beam
HIERARCH ESO INS ADF TYPE = 'MOS     ' / Type of ADF
HIERARCH ESO INS ADF VERSION = 3.24 / Version of ADF
HIERARCH ESO INS ADF UNIT = 'MILLIMETER' / Unit of slit/object coordinates
HIERARCH ESO INS ADF ID = 'VI_SREI_453432_Q2_vm_MR_M1Q2.adp' / Name for the
HIERARCH ESO INS ADF ADMID = '2011-05-26T04:49:47-101-2.adm' / Name for the *.
HIERARCH ESO INS ADF COMMENT = '        ' / Optional user comment for ADF
HIERARCH ESO INS MASK2 ID = 202166 / Mask identification number
HIERARCH ESO INS ADF GRISM NAME = 'MR      ' / Grism name
HIERARCH ESO INS ADF GRISM SPECTLEN = 2000. / Spectrum length in pixels
HIERARCH ESO INS ADF SKYREG = 2.4 / Sky region in arcsec
HIERARCH ESO INS REF NO =    5 / Number of reference apertures
HIERARCH ESO INS ARC NO =    6 / Number of curved apertures
HIERARCH ESO INS SLIT NO =   6 / Number of all apertures but refere
HIERARCH ESO INS SHU NO =    1 / Number of shutter positions
HIERARCH ESO INS SHU1 POSL = 0. / Lower shutter positions
HIERARCH ESO INS SHU1 POSH = 2440. / Upper shutter positions
HIERARCH ESO INS REF1 TYPE = 'SQUARE  ' / Type of REF i
HIERARCH ESO INS REF1 ID = 95268 / ID of REF i
HIERARCH ESO INS REF1 OBJ RA = 266.367162 / RA (J2000) of object
HIERARCH ESO INS REF1 OBJ DEC = -26.222103 / DEC (J2000) of object
HIERARCH ESO INS REF1 X = -69.028 / x co-ordinate of REF i
HIERARCH ESO INS REF1 Y = 132.163 / y co-ordinate of REF i
HIERARCH ESO INS REF1 DIMX = 3.589 / Size in x direction of REF i
HIERARCH ESO INS REF1 DIMY = 3.596 / Size in y direction of REF i
HIERARCH ESO INS REF2 TYPE = 'SQUARE  ' / Type of REF i
HIERARCH ESO INS REF2 ID = 95269 / ID of REF i
HIERARCH ESO INS REF2 OBJ RA = 266.261492 / RA (J2000) of object
HIERARCH ESO INS REF2 OBJ DEC = -26.234947 / DEC (J2000) of object
HIERARCH ESO INS REF2 X = -39.777 / x co-ordinate of REF i
HIERARCH ESO INS REF2 Y = -66.736 / y co-ordinate of REF i
HIERARCH ESO INS REF2 DIMX = 3.587 / Size in x direction of REF i
HIERARCH ESO INS REF2 DIMY = 3.588 / Size in y direction of REF i
HIERARCH ESO INS REF3 TYPE = 'SQUARE  ' / Type of REF i
HIERARCH ESO INS REF3 ID = 95270 / ID of REF i
HIERARCH ESO INS REF3 OBJ RA = 266.257121 / RA (J2000) of object
HIERARCH ESO INS REF3 OBJ DEC = -26.242208 / DEC (J2000) of object
HIERARCH ESO INS REF3 X = -24.431 / x co-ordinate of REF i
HIERARCH ESO INS REF3 Y = -74.791 / y co-ordinate of REF i
HIERARCH ESO INS REF3 DIMX = 3.588 / Size in x direction of REF i
HIERARCH ESO INS REF3 DIMY = 3.588 / Size in y direction of REF i
HIERARCH ESO INS REF4 TYPE = 'SQUARE  ' / Type of REF i
HIERARCH ESO INS REF4 ID = 95271 / ID of REF i
HIERARCH ESO INS REF4 OBJ RA = 266.341512 / RA (J2000) of object
HIERARCH ESO INS REF4 OBJ DEC = -26.263303 / DEC (J2000) of object
HIERARCH ESO INS REF4 X = 18.083 / x co-ordinate of REF i
HIERARCH ESO INS REF4 Y = 84.763 / y co-ordinate of REF i
HIERARCH ESO INS REF4 DIMX = 3.592 / Size in x direction of REF i
HIERARCH ESO INS REF4 DIMY = 3.595 / Size in y direction of REF i
HIERARCH ESO INS REF5 TYPE = 'SQUARE  ' / Type of REF i
HIERARCH ESO INS REF5 ID = 95272 / ID of REF i
HIERARCH ESO INS REF5 OBJ RA = 266.282683 / RA (J2000) of object
HIERARCH ESO INS REF5 OBJ DEC = -26.280847 / DEC (J2000) of object
HIERARCH ESO INS REF5 X = 56.206 / x co-ordinate of REF i
HIERARCH ESO INS REF5 Y = -25.728 / y co-ordinate of REF i
HIERARCH ESO INS REF5 DIMX = 3.593 / Size in x direction of REF i
HIERARCH ESO INS REF5 DIMY = 3.591 / Size in y direction of REF i
HIERARCH ESO INS SLIT1 TYPE = 'CURVE   ' / Type of SLIT i
HIERARCH ESO INS SLIT1 ID = 93738 / ID of SLIT i
HIERARCH ESO INS SLIT1 OBJ RA = 266.252138 / RA (J2000) of object
HIERARCH ESO INS SLIT1 OBJ DEC = -26.207875 / DEC (J2000) of object
HIERARCH ESO INS SLIT1 X = -97.992 / x co-ordinate of SLIT i
HIERARCH ESO INS SLIT1 Y = -85.005 / y co-ordinate of SLIT i
HIERARCH ESO INS SLIT1 DIMX = 8.367 / Size in x direction of SLIT i
HIERARCH ESO INS SLIT1 DIMY = 8.376 / Size in y direction of SLIT i
HIERARCH ESO INS SLIT1 BEZIER DY = 0.58371 / Slit width
HIERARCH ESO INS SLIT1 BEZIER AX = 0. / Parameter AX of X BEZIER equation
HIERARCH ESO INS SLIT1 BEZIER BX = 2.0E-05 / Parameter BX of X BEZIER equation
HIERARCH ESO INS SLIT1 BEZIER CX = 8.36665 / Parameter CX of X BEZIER equation
HIERARCH ESO INS SLIT1 BEZIER XX = -102.18191 / Parameter X0 of X BEZIER equati
HIERARCH ESO INS SLIT1 BEZIER AY = 0. / Parameter AY of Y BEZIER equation
HIERARCH ESO INS SLIT1 BEZIER BY = -0.00013 / Parameter BY of Y BEZIER equation
HIERARCH ESO INS SLIT1 BEZIER CY = 0.09729 / Parameter CY of Y BEZIER equation
HIERARCH ESO INS SLIT1 BEZIER YY = -84.46624 / Parameter Y0 of Y BEZIER equatio
HIERARCH ESO INS SLIT2 TYPE = 'CURVE   ' / Type of SLIT i
HIERARCH ESO INS SLIT2 ID = 94475 / ID of SLIT i
HIERARCH ESO INS SLIT2 OBJ RA = 266.274096 / RA (J2000) of object
HIERARCH ESO INS SLIT2 OBJ DEC = -26.215053 / DEC (J2000) of object
HIERARCH ESO INS SLIT2 X = -81.955 / x co-ordinate of SLIT i
HIERARCH ESO INS SLIT2 Y = -43.451 / y co-ordinate of SLIT i
HIERARCH ESO INS SLIT2 DIMX = 7.769 / Size in x direction of SLIT i
HIERARCH ESO INS SLIT2 DIMY = 7.775 / Size in y direction of SLIT i
HIERARCH ESO INS SLIT2 BEZIER DY = 0.58327 / Slit width
HIERARCH ESO INS SLIT2 BEZIER AX = 0. / Parameter AX of X BEZIER equation
HIERARCH ESO INS SLIT2 BEZIER BX = 0.00035 / Parameter BX of X BEZIER equation
HIERARCH ESO INS SLIT2 BEZIER CX = 7.76816 / Parameter CX of X BEZIER equation
HIERARCH ESO INS SLIT2 BEZIER XX = -85.84292 / Parameter X0 of X BEZIER equatio
HIERARCH ESO INS SLIT2 BEZIER AY = -0. / Parameter AY of Y BEZIER equation
HIERARCH ESO INS SLIT2 BEZIER BY = 0.00012 / Parameter BY of Y BEZIER equation
HIERARCH ESO INS SLIT2 BEZIER CY = 0.08786 / Parameter CY of Y BEZIER equation
HIERARCH ESO INS SLIT2 BEZIER YY = -43.19124 / Parameter Y0 of Y BEZIER equatio
HIERARCH ESO INS SLIT3 TYPE = 'CURVE   ' / Type of SLIT i
HIERARCH ESO INS SLIT3 ID = 95018 / ID of SLIT i
HIERARCH ESO INS SLIT3 OBJ RA = 266.259121 / RA (J2000) of object
HIERARCH ESO INS SLIT3 OBJ DEC = -26.247072 / DEC (J2000) of object
HIERARCH ESO INS SLIT3 X = -16.045 / x co-ordinate of SLIT i
HIERARCH ESO INS SLIT3 Y = -70.94 / y co-ordinate of SLIT i
HIERARCH ESO INS SLIT3 DIMX = 8.302 / Size in x direction of SLIT i
HIERARCH ESO INS SLIT3 DIMY = 8.302 / Size in y direction of SLIT i
HIERARCH ESO INS SLIT3 BEZIER DY = 0.58343 / Slit width
HIERARCH ESO INS SLIT3 BEZIER AX = 0. / Parameter AX of X BEZIER equation
HIERARCH ESO INS SLIT3 BEZIER BX = 0.00038 / Parameter BX of X BEZIER equation
HIERARCH ESO INS SLIT3 BEZIER CX = 8.3011 / Parameter CX of X BEZIER equation
HIERARCH ESO INS SLIT3 BEZIER XX = -20.16491 / Parameter X0 of X BEZIER equatio
HIERARCH ESO INS SLIT3 BEZIER AY = -0. / Parameter AY of Y BEZIER equation
HIERARCH ESO INS SLIT3 BEZIER BY = -3.0E-05 / Parameter BY of Y BEZIER equation
HIERARCH ESO INS SLIT3 BEZIER CY = 0.09407 / Parameter CY of Y BEZIER equation
HIERARCH ESO INS SLIT3 BEZIER YY = -73.53432 / Parameter Y0 of Y BEZIER equatio
HIERARCH ESO INS SLIT4 TYPE = 'CURVE   ' / Type of SLIT i
HIERARCH ESO INS SLIT4 ID = 95267 / ID of SLIT i
HIERARCH ESO INS SLIT4 OBJ RA = 266.308987 / RA (J2000) of object
HIERARCH ESO INS SLIT4 OBJ DEC = -26.275783 / DEC (J2000) of object
HIERARCH ESO INS SLIT4 X = 45.746 / x co-ordinate of SLIT i
HIERARCH ESO INS SLIT4 Y = 23.737 / y co-ordinate of SLIT i
HIERARCH ESO INS SLIT4 DIMX = 6.707 / Size in x direction of SLIT i
HIERARCH ESO INS SLIT4 DIMY = 6.705 / Size in y direction of SLIT i
HIERARCH ESO INS SLIT4 BEZIER DY = 0.58405 / Slit width
HIERARCH ESO INS SLIT4 BEZIER AX = 0. / Parameter AX of X BEZIER equation
HIERARCH ESO INS SLIT4 BEZIER BX = 0.00029 / Parameter BX of X BEZIER equation
HIERARCH ESO INS SLIT4 BEZIER CX = 6.7062 / Parameter CX of X BEZIER equation
HIERARCH ESO INS SLIT4 BEZIER XX = 42.40471 / Parameter X0 of X BEZIER equation
HIERARCH ESO INS SLIT4 BEZIER AY = -0. / Parameter AY of Y BEZIER equation
HIERARCH ESO INS SLIT4 BEZIER BY = 0. / Parameter BY of Y BEZIER equation
HIERARCH ESO INS SLIT4 BEZIER CY = 0.08197 / Parameter CY of Y BEZIER equation
HIERARCH ESO INS SLIT4 BEZIER YY = 22.69863 / Parameter Y0 of Y BEZIER equation
HIERARCH ESO INS SLIT5 TYPE = 'CURVE   ' / Type of SLIT i
HIERARCH ESO INS SLIT5 ID = 95017 / ID of SLIT i
HIERARCH ESO INS SLIT5 OBJ RA = 266.266521 / RA (J2000) of object
HIERARCH ESO INS SLIT5 OBJ DEC = -26.288328 / DEC (J2000) of object
HIERARCH ESO INS SLIT5 X = 70.696 / x co-ordinate of SLIT i
HIERARCH ESO INS SLIT5 Y = -56.037 / y co-ordinate of SLIT i
HIERARCH ESO INS SLIT5 DIMX = 10.472 / Size in x direction of SLIT i
HIERARCH ESO INS SLIT5 DIMY = 10.465 / Size in y direction of SLIT i
HIERARCH ESO INS SLIT5 BEZIER DY = 0.58405 / Slit width
HIERARCH ESO INS SLIT5 BEZIER AX = 0. / Parameter AX of X BEZIER equation
HIERARCH ESO INS SLIT5 BEZIER BX = 0.0008 / Parameter BX of X BEZIER equation
HIERARCH ESO INS SLIT5 BEZIER CX = 10.47136 / Parameter CX of X BEZIER equation
HIERARCH ESO INS SLIT5 BEZIER XX = 65.48581 / Parameter X0 of X BEZIER equation
HIERARCH ESO INS SLIT5 BEZIER AY = -0. / Parameter AY of Y BEZIER equation
HIERARCH ESO INS SLIT5 BEZIER BY = -6.0E-05 / Parameter BY of Y BEZIER equation
HIERARCH ESO INS SLIT5 BEZIER CY = 0.11951 / Parameter CY of Y BEZIER equation
HIERARCH ESO INS SLIT5 BEZIER YY = -58.22294 / Parameter Y0 of Y BEZIER equatio
HIERARCH ESO INS SLIT6 TYPE = 'CURVE   ' / Type of SLIT i
HIERARCH ESO INS SLIT6 ID = 94314 / ID of SLIT i
HIERARCH ESO INS SLIT6 OBJ RA = 266.249821 / RA (J2000) of object
HIERARCH ESO INS SLIT6 OBJ DEC = -26.303075 / DEC (J2000) of object
HIERARCH ESO INS SLIT6 X = 101.681 / x co-ordinate of SLIT i
HIERARCH ESO INS SLIT6 Y = -87.193 / y co-ordinate of SLIT i
HIERARCH ESO INS SLIT6 DIMX = 9.24 / Size in x direction of SLIT i
HIERARCH ESO INS SLIT6 DIMY = 9.229 / Size in y direction of SLIT i
HIERARCH ESO INS SLIT6 BEZIER DY = 0.5846 / Slit width
HIERARCH ESO INS SLIT6 BEZIER AX = 1.0E-05 / Parameter AX of X BEZIER equation
HIERARCH ESO INS SLIT6 BEZIER BX = 0.00115 / Parameter BX of X BEZIER equation
HIERARCH ESO INS SLIT6 BEZIER CX = 9.23864 / Parameter CX of X BEZIER equation
HIERARCH ESO INS SLIT6 BEZIER XX = 97.0704 / Parameter X0 of X BEZIER equation
HIERARCH ESO INS SLIT6 BEZIER AY = 0. / Parameter AY of Y BEZIER equation
HIERARCH ESO INS SLIT6 BEZIER BY = -1.0E-05 / Parameter BY of Y BEZIER equation
HIERARCH ESO INS SLIT6 BEZIER CY = 0.10019 / Parameter CY of Y BEZIER equation
HIERARCH ESO INS SLIT6 BEZIER YY = -87.95237 / Parameter Y0 of Y BEZIER equatio
HIERARCH ESO INS PIXSCALE = 0.205 / Pixel scale
HIERARCH ESO INS MODE = 'MOS     ' / Instrument Observation Mode
HIERARCH ESO INS FILT2 FIX = F / Filter mode degraded
HIERARCH ESO INS FILT2 SIM = F / Device Hardware Simulation
HIERARCH ESO INS FILT2 NAME = 'GG475   ' / Filter name
HIERARCH ESO INS FILT2 ID = 'vm-GG475-2.10' / Filter ESO ID
HIERARCH ESO INS MASK2 FIX = F / Mask mode degraded
HIERARCH ESO INS MASK2 SIM = F / Device Hardware Simulation
HIERARCH ESO INS MASK2 NO =  8 / Mask set number
HIERARCH ESO INS FOCU1 FIX = F / Focusing mode degraded
HIERARCH ESO INS FOCU1 SIM = F / Device Hardware Simulation
HIERARCH ESO INS FOCU1 TEMP = 10.874672 / Temperature(C) for the beam
HIERARCH ESO INS FOCU1 MODE = 'AUTO    ' / Focusing : Manual or Automatic
HIERARCH ESO INS FOCU1 VALUE = 775.419718 / Camera lens position(micron)
HIERARCH ESO INS FOCU3 FIX = F / Focusing mode degraded
HIERARCH ESO INS FOCU3 SIM = F / Device Hardware Simulation
HIERARCH ESO INS FOCU3 TEMP = 10.909132 / Temperature(C) for the beam
HIERARCH ESO INS FOCU3 MODE = 'AUTO    ' / Focusing : Manual or Automatic
HIERARCH ESO INS FOCU3 VALUE = 661.663727 / Camera lens position(micron)
HIERARCH ESO INS FOCU2 FIX = F / Focusing mode degraded
HIERARCH ESO INS FOCU2 SIM = F / Device Hardware Simulation
HIERARCH ESO INS FOCU2 MODE = 'AUTO    ' / Focusing : Manual or Automatic
HIERARCH ESO INS FOCU2 VALUE = 691.538342 / Camera lens position(micron)
HIERARCH ESO INS MSHU2 FIX = F / Mask Shutter mode degraded
HIERARCH ESO INS MSHU2 SIM = T / Device Hardware Simulation
HIERARCH ESO INS MSHU2 MODE = 'OFF     ' / Mask Shutter mode
HIERARCH ESO INS MSHU2 POSH = 7.348085 / High Mask Shutters positions (mm)
HIERARCH ESO INS MSHU2 POSL = 7.348085 / Low Mask Shutters position (mm)
HIERARCH ESO INS GRIS2 FIX = F / Grism mode degraded
HIERARCH ESO INS GRIS2 SIM = F / Device Hardware Simulation
HIERARCH ESO INS GRIS2 NAME = 'MR      ' / Grism name
HIERARCH ESO INS GRIS2 ID = 'vm-MR-2.2' / Grism ESO ID
HIERARCH ESO INS AFC21 FIX = F / AFC mode degraded
HIERARCH ESO INS AFC21 SIM = F / Device Hardware Simulation
HIERARCH ESO INS AFC22 FIX = F / AFC mode degraded
HIERARCH ESO INS AFC22 SIM = F / Device Hardware Simulation
HIERARCH ESO INS FOCU4 FIX = F / Focusing mode degraded
HIERARCH ESO INS FOCU4 SIM = F / Device Hardware Simulation
HIERARCH ESO INS FOCU4 TEMP = 10.883583 / Temperature(C) for the beam
HIERARCH ESO INS FOCU4 MODE = 'AUTO    ' / Focusing : Manual or Automatic
HIERARCH ESO INS FOCU4 VALUE = 1046.917276 / Camera lens position(micron)
HIERARCH ESO INS LAMP1 FIX = F / Lamp[i] mode degraded
HIERARCH ESO INS LAMP1 SIM = F / Device Hardware Simulation
HIERARCH ESO INS LAMP1 TIME = 0 / Lamp lightening time
HIERARCH ESO INS LAMP1 STATE = 'OFF     ' / State for this lamp in each box
HIERARCH ESO INS LAMP1 NAME = 'QTH50   ' / Calibration lamp name
HIERARCH ESO INS LAMP1 ID = 'vm-QTH50-1' / Calib. lamp ESO identification
HIERARCH ESO INS LAMP2 FIX = F / Lamp[i] mode degraded
HIERARCH ESO INS LAMP2 SIM = F / Device Hardware Simulation
HIERARCH ESO INS LAMP2 TIME = 0 / Lamp lightening time
HIERARCH ESO INS LAMP2 STATE = 'OFF     ' / State for this lamp in each box
HIERARCH ESO INS LAMP2 NAME = 'QTH10   ' / Calibration lamp name
HIERARCH ESO INS LAMP2 ID = 'vm-QTH10-2' / Calib. lamp ESO identification
HIERARCH ESO INS IFUM1 FIX = F / IFU Mask mode degraded
HIERARCH ESO INS IFUM1 SIM = F / Device Hardware Simulation
HIERARCH ESO INS IFUM1 MODE = 'OFF     ' / IFU Mask mode
HIERARCH ESO INS LAMP3 FIX = F / Lamp[i] mode degraded
HIERARCH ESO INS LAMP3 SIM = F / Device Hardware Simulation
HIERARCH ESO INS LAMP3 TIME = 0 / Lamp lightening time
HIERARCH ESO INS LAMP3 STATE = 'OFF     ' / State for this lamp in each box
HIERARCH ESO INS LAMP3 NAME = 'He      ' / Calibration lamp name
HIERARCH ESO INS LAMP3 ID = 'vm-He-3 ' / Calib. lamp ESO identification
HIERARCH ESO INS IFUM2 FIX = F / IFU Mask mode degraded
HIERARCH ESO INS IFUM2 SIM = F / Device Hardware Simulation
HIERARCH ESO INS IFUM2 MODE = 'OFF     ' / IFU Mask mode
HIERARCH ESO INS LAMP4 FIX = F / Lamp[i] mode degraded
HIERARCH ESO INS LAMP4 SIM = F / Device Hardware Simulation
HIERARCH ESO INS LAMP4 TIME = 0 / Lamp lightening time
HIERARCH ESO INS LAMP4 STATE = 'OFF     ' / State for this lamp in each box
HIERARCH ESO INS LAMP4 NAME = 'Ne      ' / Calibration lamp name
HIERARCH ESO INS LAMP4 ID = 'vm-Ne-4 ' / Calib. lamp ESO identification
HIERARCH ESO INS LAMP5 FIX = F / Lamp[i] mode degraded
HIERARCH ESO INS LAMP5 SIM = F / Device Hardware Simulation
HIERARCH ESO INS LAMP5 TIME = 0 / Lamp lightening time
HIERARCH ESO INS LAMP5 STATE = 'OFF     ' / State for this lamp in each box
HIERARCH ESO INS LAMP5 NAME = 'Ar      ' / Calibration lamp name
HIERARCH ESO INS LAMP5 ID = 'vm-Ar-5 ' / Calib. lamp ESO identification
HIERARCH ESO INS LAMP6 FIX = F / Lamp[i] mode degraded
HIERARCH ESO INS LAMP6 SIM = F / Device Hardware Simulation
HIERARCH ESO INS LAMP6 TIME = 0 / Lamp lightening time
HIERARCH ESO INS LAMP6 STATE = 'OFF     ' / State for this lamp in each box
HIERARCH ESO INS LAMP6 NAME = 'Afc     ' / Calibration lamp name
HIERARCH ESO INS LAMP6 ID = 'vm-Afc-6' / Calib. lamp ESO identification
HIERARCH ESO INS IFUE FIX =  F / IFU Elongator mode degraded
HIERARCH ESO INS IFUE SIM =  F / Device Hardware Simulation
HIERARCH ESO INS IFUE MAG = '1:1     ' / IFU Magnification 0.33(1:2) or 0.6
HIERARCH ESO INS IFUS FIX =  F / IFU Shutter mode degraded
HIERARCH ESO INS IFUS SIM =  F / Device Hardware Simulation
HIERARCH ESO INS IFUS MODE = 'OFF     ' / IFU Shutter CLOSED(ON) or OPEN(OFF
HIERARCH ESO DET CHIP1 INDEX = 1 / Chip index
HIERARCH ESO DET CHIP1 ID = 'Keith   ' / Detector chip identification
HIERARCH ESO DET CHIP1 NAME = 'EEV CCD-44-82' / Detector chip name
HIERARCH ESO DET CHIP1 DATE = '2000-08-30' / Date of installation [YYYY-MM-DD]
HIERARCH ESO DET CHIP1 X =   1 / X location in array
HIERARCH ESO DET CHIP1 Y =   1 / Y location in array
HIERARCH ESO DET CHIP1 NX = 2048 / # of pixels along X
HIERARCH ESO DET CHIP1 NY = 4096 / # of pixels along Y
HIERARCH ESO DET CHIP1 PSZX = 15. / Size of pixel in X
HIERARCH ESO DET CHIP1 PSZY = 15. / Size of pixel in Y
HIERARCH ESO DET CHIP1 XGAP = 0. / Gap between chips along x
HIERARCH ESO DET CHIP1 YGAP = 0. / Gap between chips along y
HIERARCH ESO DET OUT1 INDEX = 1 / Output index
HIERARCH ESO DET OUT1 ID = 'L       ' / Output ID as from manufacturer
HIERARCH ESO DET OUT1 NAME = 'L       ' / Description of output
HIERARCH ESO DET OUT1 CHIP = 1 / index of chip it belongs to
HIERARCH ESO DET OUT1 X =    1 / X location of output
HIERARCH ESO DET OUT1 Y =    1 / Y location of output
HIERARCH ESO DET OUT1 NX = 2048 / valid pixels along X
HIERARCH ESO DET OUT1 NY = 4096 / valid pixels along Y
HIERARCH ESO DET OUT1 CONAD = 0.6 / Conversion from ADUs to electrons
HIERARCH ESO DET OUT1 RON = 3.25 / Readout noise per output (e-)
HIERARCH ESO DET OUT1 GAIN = 1.66 / Conversion from electrons to ADU
HIERARCH ESO DET ID = 'CCD FIERA - Rev: 3.108' / Detector system Id
HIERARCH ESO DET NAME = 'Vimosa - vimosa' / Name of detector system
HIERARCH ESO DET DATE = '2010-07-01' / Installation date
HIERARCH ESO DET DID = 'ESO-VLT-DIC.CCDDCS,ESO-VLT-DIC.FCDDCS' / Diction
HIERARCH ESO DET BITS =     16 / Bits per pixel readout
HIERARCH ESO DET RA = 0. / Apparent 00:00:00.0 RA at start
HIERARCH ESO DET DEC = 0. / Apparent 00:00:00.0 DEC at start
HIERARCH ESO DET CHIPS =     1 / # of chips in detector array
HIERARCH ESO DET OUTPUTS =   1 / # of outputs
HIERARCH ESO DET OUTREF =    0 / reference output
HIERARCH ESO DET WINDOWS =   1 / # of windows readout
HIERARCH ESO DET SOFW MODE = 'Normal  ' / CCD sw operational mode
HIERARCH ESO DET EXP NO = 1101 / Unique exposure ID number
HIERARCH ESO DET EXP TYPE = 'Normal  ' / Exposure type
HIERARCH ESO DET EXP RDTTIME = 30.918 / image readout time
HIERARCH ESO DET EXP XFERTIM = 44.954 / image transfer time
HIERARCH ESO DET WIN1 ST =   T / If T, window enabled
HIERARCH ESO DET WIN1 STRX = 1 / Lower left pixel in X
HIERARCH ESO DET WIN1 STRY = 1 / Lower left pixel in Y
HIERARCH ESO DET WIN1 NX = 2148 / # of pixels along X
HIERARCH ESO DET WIN1 NY = 4096 / # of pixels along Y
HIERARCH ESO DET WIN1 BINX = 1 / Binning factor along X
HIERARCH ESO DET WIN1 BINY = 1 / Binning factor along Y
HIERARCH ESO DET WIN1 NDIT = 1 / # of subintegrations
HIERARCH ESO DET WIN1 UIT1 = 875. / user defined subintegration time
HIERARCH ESO DET WIN1 DIT1 = 875.001362 / actual subintegration time
HIERARCH ESO DET WIN1 DKTM = 875.1121 / Dark current time
HIERARCH ESO DET READ MODE = 'normal  ' / Readout method
HIERARCH ESO DET READ SPEED = 'medium  ' / Readout speed
HIERARCH ESO DET READ CLOCK = '225kHz,1port,HG' / Readout clock pattern used
HIERARCH ESO DET READ NFRAM = 1 / Number of readouts buffered in sin
HIERARCH ESO DET FRAM ID =   1 / Image sequencial number
HIERARCH ESO DET FRAM TYPE = 'Normal  ' / Type of frame
HIERARCH ESO DET SHUT TYPE = 'seso    ' / type of shutter
HIERARCH ESO DET SHUT ID = 'VIMOS shutter' / Shutter unique identifier
HIERARCH ESO DET SHUT TMOPEN = 0.096 / Time taken to open shutter
HIERARCH ESO DET SHUT TMCLOS = 0.099 / Time taken to close shutter
HIERARCH ESO DET TELE INT = 900. / Interval between two successive te
HIERARCH ESO DET TELE NO =   7 / # of sources active
HIERARCH ESO DET TLM1 NAME = 'CCD Cold Plate' / Description of telemetry param
HIERARCH ESO DET TLM1 ID = 'CCD_A2_T1' / ID of telemetry sensor
HIERARCH ESO DET TLM1 START = 140. / Telemetry value at read start
HIERARCH ESO DET TLM1 END = 140. / Telemetry value at read completion
HIERARCH ESO DET TLM2 NAME = 'CCD Cold Plate2' / Description of telemetry para
HIERARCH ESO DET TLM2 ID = 'CCD_A2_T2' / ID of telemetry sensor
HIERARCH ESO DET TLM2 START = 141.9 / Telemetry value at read start
HIERARCH ESO DET TLM2 END = 141.9 / Telemetry value at read completion
HIERARCH ESO DET TLM3 NAME = 'CCD Cold Plate' / Description of telemetry param
HIERARCH ESO DET TLM3 ID = 'CCD_A3_T1' / ID of telemetry sensor
HIERARCH ESO DET TLM3 START = 140. / Telemetry value at read start
HIERARCH ESO DET TLM3 END = 140. / Telemetry value at read completion
HIERARCH ESO DET TLM4 NAME = 'CCD Cold Plate2' / Description of telemetry para
HIERARCH ESO DET TLM4 ID = 'CCD_A3_T2' / ID of telemetry sensor
HIERARCH ESO DET TLM4 START = 141.3 / Telemetry value at read start
HIERARCH ESO DET TLM4 END = 141.3 / Telemetry value at read completion
HIERARCH ESO DET TLM5 NAME = 'FBOX    ' / Description of telemetry param.
HIERARCH ESO DET TLM5 ID = 'FBOX    ' / ID of telemetry sensor
HIERARCH ESO DET TLM5 START = 286.7 / Telemetry value at read start
HIERARCH ESO DET TLM5 END = 286.7 / Telemetry value at read completion
HIERARCH ESO DET TLM6 NAME = 'Vaccum_A2' / Description of telemetry param.
HIERARCH ESO DET TLM6 ID = 'Vaccum_A2' / ID of telemetry sensor
HIERARCH ESO DET TLM6 START = 0. / Telemetry value at read start
HIERARCH ESO DET TLM6 END = 0. / Telemetry value at read completion
HIERARCH ESO DET TLM7 NAME = 'Vaccum_A3' / Description of telemetry param.
HIERARCH ESO DET TLM7 ID = 'Vaccum_A3' / ID of telemetry sensor
HIERARCH ESO DET TLM7 START = 0. / Telemetry value at read start
HIERARCH ESO DET TLM7 END = 0. / Telemetry value at read completion
HIERARCH ESO PRO EXPTTOT = 1750.005
HIERARCH ESO PRO DID = 'PRO-1.15' / Data dictionary for PRO
HIERARCH ESO PRO CATG = 'MOS_SCIENCE_SKY_EXTRACTED' / Category of pipeline produ
HIERARCH ESO PRO TYPE = 'REDUCED ' / Product type
HIERARCH ESO PRO TECH = 'MOS     ' / Observation technique
HIERARCH ESO PRO SCIENCE =   T / Scientific product if T
HIERARCH ESO PRO REC1 ID = 'vmmosscience' / Pipeline recipe (unique) identifier
HIERARCH ESO PRO REC1 DRS ID = 'cpl-5.3.1' / Data Reduction System identifier
HIERARCH ESO PRO REC1 PIPE ID = 'vimos-2.6.6' / Pipeline (unique) identifier
HIERARCH ESO PRO REC1 RAW1 NAME = 'VIMOS.2011-05-26T05:19:50.824.fits' / File na
HIERARCH ESO PRO REC1 RAW1 CATG = 'MOS_SCIENCE' / Category of raw frame
HIERARCH ESO PRO REC1 RAW2 NAME = 'VIMOS.2011-05-26T05:35:21.025.fits' / File na
HIERARCH ESO PRO REC1 RAW2 CATG = 'MOS_SCIENCE' / Category of raw frame
HIERARCH ESO PRO DATANCOM =  2 / Number of combined frames
HIERARCH ESO PRO REC1 CAL1 NAME = 'VI_MBIA_110525A_Q2_hi.fits' / File name of ca
HIERARCH ESO PRO REC1 CAL1 CATG = 'MASTER_BIAS' / Category of calibration frame
HIERARCH ESO PRO REC1 CAL1 DATAMD5 = '3c1655cef5f385464e28496c7bafe223' / MD5 si
HIERARCH ESO PRO REC1 CAL2 NAME = 'VI_GCFG_100630A_MR_Q2.fits' / File name of ca
HIERARCH ESO PRO REC1 CAL2 CATG = 'CONFIG_TABLE' / Category of calibration frame
HIERARCH ESO PRO REC1 CAL2 DATAMD5 = '827358dea0214d1587a3f99820ec5810' / MD5 si
HIERARCH ESO PRO REC1 CAL3 NAME = 'VI_PDCM_110525A_GG475_MR_202166_Q2_hi.fits'
HIERARCH ESO PRO REC1 CAL3 CATG = 'MOS_DISP_COEFF' / Category of calibration fra
HIERARCH ESO PRO REC1 CAL3 DATAMD5 = '6bd87bc670b9f31b8149ac6eed5a46b4' / MD5 si
HIERARCH ESO PRO REC1 CAL4 NAME = 'VI_PCCM_110525A_GG475_MR_202166_Q2_hi.fits'
HIERARCH ESO PRO REC1 CAL4 CATG = 'MOS_CURV_COEFF' / Category of calibration fra
HIERARCH ESO PRO REC1 CAL4 DATAMD5 = 'faf8c64f74848b888ae2538e08fb2d5b' / MD5 si
HIERARCH ESO PRO REC1 CAL5 NAME = 'VI_PSLM_110525A_GG475_MR_202166_Q2_hi.fits'
HIERARCH ESO PRO REC1 CAL5 CATG = 'MOS_SLIT_LOCATION' / Category of calibration
HIERARCH ESO PRO REC1 CAL5 DATAMD5 = '00ac7716f392db510f21b288795d9cfc' / MD5 si
HIERARCH ESO PRO REC1 CAL6 NAME = 'VI_MSFM_110525A_GG475_MR_202166_Q2_hi.fits'
HIERARCH ESO PRO REC1 CAL6 CATG = 'MOS_MASTER_SCREEN_FLAT' / Category of calibra
HIERARCH ESO PRO REC1 CAL6 DATAMD5 = '4c9ecf039c5b6da522b6fdd300f12437' / MD5 si
HIERARCH ESO PRO REC1 CAL7 NAME = 'VI_GRSM_101001A_GG475_MR_Q2.fits' / File name
HIERARCH ESO PRO REC1 CAL7 CATG = 'MOS_MASTER_RESPONSE' / Category of calibratio
HIERARCH ESO PRO REC1 CAL8 NAME = 'VI_GEXT_030101A_extinct_table.fits' / File na
HIERARCH ESO PRO REC1 CAL8 CATG = 'EXTINCT_TABLE' / Category of calibration fram
HIERARCH ESO PRO REC1 PARAM1 NAME = 'dispersion' / Resampling step (Angstrom/pix
HIERARCH ESO PRO REC1 PARAM1 VALUE = '2.6     ' / Default: 0
HIERARCH ESO PRO REC1 PARAM2 NAME = 'skyalign' / Polynomial order for sky lines
HIERARCH ESO PRO REC1 PARAM2 VALUE = '-1      ' / Default: 0
HIERARCH ESO PRO REC1 PARAM3 NAME = 'wcolumn ' / Name of sky line catalog table
HIERARCH ESO PRO REC1 PARAM3 VALUE = 'WLEN    ' / Default: 'WLEN'
HIERARCH ESO PRO REC1 PARAM4 NAME = 'startwavelength' / Start wavelength in spec
HIERARCH ESO PRO REC1 PARAM4 VALUE = '3500    ' / Default: 0
HIERARCH ESO PRO REC1 PARAM5 NAME = 'endwavelength' / End wavelength in spectral
HIERARCH ESO PRO REC1 PARAM5 VALUE = '10000   ' / Default: 0
HIERARCH ESO PRO REC1 PARAM6 NAME = 'reference' / Reference wavelength for calib
HIERARCH ESO PRO REC1 PARAM6 VALUE = '7635.11 ' / Default: 0
HIERARCH ESO PRO REC1 PARAM7 NAME = 'flux    ' / Apply flux conservation
HIERARCH ESO PRO REC1 PARAM7 VALUE = 'true    ' / Default: true
HIERARCH ESO PRO REC1 PARAM8 NAME = 'flatfield' / Apply flat field
HIERARCH ESO PRO REC1 PARAM8 VALUE = 'true    ' / Default: true
HIERARCH ESO PRO REC1 PARAM9 NAME = 'skyglobal' / Subtract global sky spectrum f
HIERARCH ESO PRO REC1 PARAM9 VALUE = 'false   ' / Default: false
HIERARCH ESO PRO REC1 PARAM10 NAME = 'skymedian' / Sky subtraction from extracte
HIERARCH ESO PRO REC1 PARAM10 VALUE = 'false   ' / Default: false
HIERARCH ESO PRO REC1 PARAM11 NAME = 'skylocal' / Sky subtraction from CCD slit
HIERARCH ESO PRO REC1 PARAM11 VALUE = 'true    ' / Default: true
HIERARCH ESO PRO REC1 PARAM12 NAME = 'cosmics ' / Eliminate cosmic rays hits (on
HIERARCH ESO PRO REC1 PARAM12 VALUE = 'true    ' / Default: true
HIERARCH ESO PRO REC1 PARAM13 NAME = 'slit_margin' / Number of pixels to exclude
HIERARCH ESO PRO REC1 PARAM13 VALUE = '3       ' / Default: 3
HIERARCH ESO PRO REC1 PARAM14 NAME = 'ext_radius' / Maximum extraction radius fo
HIERARCH ESO PRO REC1 PARAM14 VALUE = '10      ' / Default: 6
HIERARCH ESO PRO REC1 PARAM15 NAME = 'cont_radius' / Minimum distance at which t
HIERARCH ESO PRO REC1 PARAM15 VALUE = '0       ' / Default: 0
HIERARCH ESO PRO REC1 PARAM16 NAME = 'ext_mode' / Object extraction method: 0 =
HIERARCH ESO PRO REC1 PARAM16 VALUE = '1       ' / Default: 1
HIERARCH ESO PRO REC1 PARAM17 NAME = 'detection' / Object detection threshold (A
HIERARCH ESO PRO REC1 PARAM17 VALUE = '2       ' / Default: 2
HIERARCH ESO PRO REC1 PARAM18 NAME = 'time_normalise' / Normalise output spectra
HIERARCH ESO PRO REC1 PARAM18 VALUE = 'true    ' / Default: true
HIERARCH ESO PRO REC1 PARAM19 NAME = 'anyframe' / Look for a standard star in an
HIERARCH ESO PRO REC1 PARAM19 VALUE = 'false   ' / Default: false
HIERARCH ESO PRO REC1 PARAM20 NAME = 'response' / Order of polynomial modeling t
HIERARCH ESO PRO REC1 PARAM20 VALUE = '5       ' / Default: 5
HIERARCH ESO PRO REC1 PARAM21 NAME = 'photometry' / Apply spectrophotometric cal
HIERARCH ESO PRO REC1 PARAM21 VALUE = 'true    ' / Default: false
HIERARCH ESO PRO REC1 PARAM22 NAME = 'alignment' / Type of alignment of dithered
HIERARCH ESO PRO REC1 PARAM22 VALUE = 'integer ' / Default: 'integer'
HIERARCH ESO PRO REC1 PARAM23 NAME = 'stack_method' / Frames combination method
HIERARCH ESO PRO REC1 PARAM23 VALUE = 'average ' / Default: 'average'
HIERARCH ESO PRO REC1 PARAM24 NAME = 'minrejection' / Number of lowest values to
HIERARCH ESO PRO REC1 PARAM24 VALUE = '1       ' / Default: 1
HIERARCH ESO PRO REC1 PARAM25 NAME = 'maxrejection' / Number of highest values t
HIERARCH ESO PRO REC1 PARAM25 VALUE = '1       ' / Default: 1
HIERARCH ESO PRO REC1 PARAM26 NAME = 'klow    ' / Low threshold in ksigma method
HIERARCH ESO PRO REC1 PARAM26 VALUE = '3       ' / Default: 3
HIERARCH ESO PRO REC1 PARAM27 NAME = 'khigh   ' / High threshold in ksigma metho
HIERARCH ESO PRO REC1 PARAM27 VALUE = '3       ' / Default: 3
HIERARCH ESO PRO REC1 PARAM28 NAME = 'kiter   ' / Max number of iterations in ks
HIERARCH ESO PRO REC1 PARAM28 VALUE = '999     ' / Default: 999
HIERARCH ESO PRO REC1 PARAM29 NAME = 'dither  ' / Align dithered frames before s
HIERARCH ESO PRO REC1 PARAM29 VALUE = 'true    ' / Default: true
HIERARCH ESO PRO REC1 PARAM30 NAME = 'compute ' / Compute offsets of dithered im
HIERARCH ESO PRO REC1 PARAM30 VALUE = 'false   ' / Default: false
HIERARCH ESO PRO REC1 PARAM31 NAME = 'fringing' / Apply fringing correction (onl
HIERARCH ESO PRO REC1 PARAM31 VALUE = 'true    ' / Default: true
HIERARCH ESO PRO REC1 PARAM32 NAME = 'offset  ' / Minimum required offset betwee
HIERARCH ESO PRO REC1 PARAM32 VALUE = '4       ' / Default: 3
HIERARCH ESO PRO REC1 PARAM33 NAME = 'qc      ' / Compute QC1 parameters
HIERARCH ESO PRO REC1 PARAM33 VALUE = 'true    ' / Default: true
HIERARCH ESO ADA ABSROT START = -56.52277 / Abs rot angle at exp start (deg)
HIERARCH ESO ADA POSANG = 90. / Position angle at start
HIERARCH ESO ADA GUID STATUS = 'ON      ' / Status of autoguider
HIERARCH ESO ADA GUID RA = 266.097479 / 17:44:23.3 Guide star RA J2000
HIERARCH ESO ADA GUID DEC = -26.18422 / -26:11:03.1 Guide star DEC J2000
HIERARCH ESO ADA ABSROT PPOS = 'POS     ' / sign of probe position
HIERARCH ESO ADA ABSROT END = -63.59435 / Abs rot angle at exp end (deg)
HIERARCH ESO OCS CON QUAD =  2 / Quadrant Number
HIERARCH ESO OCS CMF FILE1 NAME = 'MOS_sky2ccd_2.cmf' / Calibration matrix file
HIERARCH ESO OCS CMF FILE1 CRTEDATE = '2011-05-21T01:55:32' / Calibration matrix
HIERARCH ESO OCS CMF FILE2 NAME = 'MOS_wavecal_MR_2.cmf' / Calibration matrix fi
HIERARCH ESO OCS CMF FILE2 CRTEDATE = '2005-11-10T17:35:13' / Calibration matrix
HIERARCH ESO OCS COMP ID = '1.38+.1.5 2011/05/21 13:31:58' / OS Software Ver
HIERARCH ESO OCS DID = 'ESO-VLT-DIC.VIMOS_OS-0.2' / Data dictionary for
HISTORY 'FTU-2_5_2/2011-05-26/CHANGE: DET.WIN1.NX, 2148
COMMENT 'FTU-2_5_2/2011-05-26T05:35:22/vimos.ftt
COMMENT rocessed by HOTF_version : 1.1 on 2011-05-06T22:58:0
CDBFILE = 'VI_SSEM_575273_2011-05-26T05:19:50.824_G475_MR_202166_Q2_hi.fits' / Q
ARCFILE = 'S.VIMOS.2011-05-30T10:48:44.875.fits' / Archive File Name
FILTER2 = 'GG475   '           / Filter name
AIRMASS =                1.023 / Airmass at start
ST      = '16:51:54.444'       / ST at start
UT      = '05:19:46.000'       / UT at start
COMMENT processed by HOTF_version : 1.1 on 2011-06-09T17:55:41
