VI_SREI_544351_2011-04-01T09:22:43.312_R_Q4_lo.fits[2048,2440][real]: PRE-GBS-field-s30
No bad pixels, min=1555.671, max=1622644.
Line storage mode, physdim [2048,2440], length of user area 22842 s.u.
Created Wed 03:43:54 06-Apr-2011, Last modified Tue 23:16:27 18-Oct-2016
Pixel file "VI_SREI_544351_2011-04-01T09:22:43.312_R_Q4_lo.fits" [ok]
EXTEND  =                    T / FITS dataset may contain extensions
COMMENT   FITS (Flexible Image Transport System) format is defined in 'Astronomy
COMMENT   and Astrophysics', volume 376, page 359; bibcode: 2001A&A...376..359H
ORIGIN  = 'ESO     '           / European Southern Observatory
DATE    = '2011-04-06T00:43:54' / file creation date (YYYY-MM-DDThh:mm:ss UT)
MJD-OBS =       55652.39077907 / Obs start 2011-04-01T09:22:43.312
DATE-OBS= '2011-04-01T09:22:43.311' / Date of observation
EXPTIME =              119.996 / Total integration time. 00:01:59.996
TELESCOP= 'ESO-VLT-U3'         / ESO <TEL>
RA      =           266.404371 / 17:45:37.0 RA (J2000) pointing
DEC     =            -31.88133 / -31:52:52.7  DEC (J2000) pointing
EQUINOX =                2000. / Standard FK5 (years)
RADECSYS= 'FK5     '           / Coordinate reference frame
LST     =            62316.893 / 17:18:36.893 LST at start
UTC     =            33759.000 / 09:22:39.000 UT at start
OBSERVER= 'VIMOS   '           / Name of observer
INSTRUME= 'VIMOS   '           / Instrument used
PI-COI  = '555555555'          / Name of PI and COI
OBJECT  = 'PRE-GBS-field-s30'  / Original target
PCOUNT  =                    0 / Number of parameters per group
GCOUNT  =                    1 / Number of groups
CRVAL1  =            266.40437
CRPIX1  =                -277. / X position of telescope optical axis in pixels
CTYPE1  = 'RA---TAN'           / pixel coordinate system
CRVAL2  =            -31.88133
CRPIX2  =                2699.
CTYPE2  = 'DEC--TAN'           / pixel coordinate system
INHERIT =                    T / denotes the INHERIT keyword convention
CD1_1   =                   0. / FITS CD transformation matrix
CD1_2   =           5.6944E-05 / FITS CD transformation matrix
CD2_1   =          -5.6944E-05 / FITS CD transformation matrix
CD2_2   =                   0. / FITS CD transformation matrix
DATAMIN =     1555.67065429688 / Minimum pixel value
DATAMAX =          1622644.125 / Maximum pixel value
HIERARCH ESO OBS DID = 'ESO-VLT-DIC.OBS-1.11' / OBS Dictionary
HIERARCH ESO OBS EXECTIME = 675 / Expected execution time
HIERARCH ESO OBS GRP = '0       ' / linked blocks
HIERARCH ESO OBS ID =   544351 / Observation block ID
HIERARCH ESO OBS NAME = 'PRE-GBS-field-s30' / OB name
HIERARCH ESO OBS OBSERVER = 'UNKNOWN ' / Observer Name
HIERARCH ESO OBS PI-COI ID = 7261 / ESO internal PI-COI ID
HIERARCH ESO OBS PI-COI NAME = 'UNKNOWN ' / PI-COI name
HIERARCH ESO OBS PROG ID = '087.D-0596(B)' / ESO program identification
HIERARCH ESO OBS START = '2011-04-01T09:19:32' / OB start time
HIERARCH ESO OBS TPLNO =     2 / Template number within OB
HIERARCH ESO OBS TARG NAME = 'PRE-GBS-field-s30' / OB target name
HIERARCH ESO TPL DID = 'ESO-VLT-DIC.TPL-1.9' / Data dictionary for TPL
HIERARCH ESO TPL ID = 'VIMOS_img_obs_Offset' / Template signature ID
HIERARCH ESO TPL NAME = 'Imaging Observation' / Template name
HIERARCH ESO TPL PRESEQ = 'VIMOS_img_obs_Offset' / Sequencer script
HIERARCH ESO TPL START = '2011-04-01T09:22:30' / TPL start time
HIERARCH ESO TPL VERSION = '@(#) $Revision: 1.38 $' / Version of the templat
HIERARCH ESO TPL NEXP =      1 / Number of exposures within templat
HIERARCH ESO TPL EXPNO =     1 / Exposure number within template
HIERARCH ESO TEL DID = 'ESO-VLT-DIC.TCS' / Data dictionary for TEL
HIERARCH ESO TEL ID = 'v 3.44+.1.2' / TCS version number
HIERARCH ESO TEL DATE = '2000-01-01T00:00:00' / TCS installation date
HIERARCH ESO TEL ALT = 80.517 / Alt angle at start (deg)
HIERARCH ESO TEL AZ = 321.490 / Az angle at start (deg) S=0,W=90
HIERARCH ESO TEL GEOELEV = 2648. / Elevation above sea level (m)
HIERARCH ESO TEL GEOLAT = -24.6268 / Tel geo latitute (+=North) (deg)
HIERARCH ESO TEL GEOLON = -70.4045 / Tel geo longitude (+=East) (deg)
HIERARCH ESO TEL OPER = 'I, Condor' / Telescope Operator
HIERARCH ESO TEL FOCU ID = 'NB      ' / Telescope focus station ID
HIERARCH ESO TEL FOCU LEN = 120.000 / Focal length (m)
HIERARCH ESO TEL FOCU SCALE = 1.718 / Focal scale (arcsec/mm)
HIERARCH ESO TEL FOCU VALUE = -31.003 / M2 setting (mm)
HIERARCH ESO TEL PARANG START = -41.803 / Parallactic angle at start (deg)
HIERARCH ESO TEL AIRM START = 1.014 / Airmass at start
HIERARCH ESO TEL AMBI FWHM START = 0.66 / Observatory Seeing queried from AS
HIERARCH ESO TEL AMBI PRES START = 742.90 / Observatory ambient air pressure q
HIERARCH ESO TEL AMBI WINDSP = 1.70 / Observatory ambient wind speed que
HIERARCH ESO TEL AMBI WINDDIR = 56. / Observatory ambient wind directio
HIERARCH ESO TEL AMBI RHUM = 16. / Observatory ambient relative humi
HIERARCH ESO TEL AMBI TEMP = 13.18 / Observatory ambient temperature qu
HIERARCH ESO TEL MOON RA = 347.114375 / 23:08:27.4 RA (J2000) (deg)
HIERARCH ESO TEL MOON DEC = -0.13775 / -00:08:15.9 DEC (J2000) (deg)
HIERARCH ESO TEL TH M1 TEMP = 11.17 / M1 superficial temperature
HIERARCH ESO TEL TRAK STATUS = 'NORMAL  ' / Tracking status
HIERARCH ESO TEL DOME STATUS = 'FULLY-OPEN' / Dome status
HIERARCH ESO TEL CHOP ST =   F / True when chopping is active
HIERARCH ESO TEL TARG ALPHA = 174537.049 / Alpha coordinate for the target
HIERARCH ESO TEL TARG DELTA = -315252.787 / Delta coordinate for the target
HIERARCH ESO TEL TARG EPOCH = 2000.000 / Epoch
HIERARCH ESO TEL TARG EPOCHSYSTEM = 'J       ' / Epoch system (default J=Julian)
HIERARCH ESO TEL TARG EQUINOX = 2000.000 / Equinox
HIERARCH ESO TEL TARG PMA = 0.000000 / Proper Motion Alpha
HIERARCH ESO TEL TARG PMD = 0.000000 / Proper motion Delta
HIERARCH ESO TEL TARG RADVEL = 0.000 / Radial velocity
HIERARCH ESO TEL TARG PARALLAX = 0.000 / Parallax
HIERARCH ESO TEL TARG COORDTYPE = 'M       ' / Coordinate type (M=mean A=apparen
HIERARCH ESO TEL PARANG END = -39.423 / Parallactic angle at end (deg)
HIERARCH ESO TEL AIRM END = 1.013 / Airmass at end
HIERARCH ESO TEL AMBI FWHM END = 0.68 / Observatory Seeing queried from AS
HIERARCH ESO TEL IA FWHM = 0.65 / Delivered seeing corrected by airm
HIERARCH ESO TEL AMBI PRES END = 742.88 / Observatory ambient air pressure q
HIERARCH ESO TEL AMBI TAU0 = 0.003678 / Average coherence time
HIERARCH ESO ADA ABSROT START = -102.33376 / Abs rot angle at exp start (deg)
HIERARCH ESO ADA POSANG = 90.00000 / Position angle at start
HIERARCH ESO ADA GUID STATUS = 'ON      ' / Status of autoguider
HIERARCH ESO ADA GUID RA = 266.529229 / 17:46:07.0 Guide star RA J2000
HIERARCH ESO ADA GUID DEC = -32.04856 / -32:02:54.8 Guide star DEC J2000
HIERARCH ESO ADA ABSROT PPOS = 'POS     ' / sign of probe position
HIERARCH ESO ADA ABSROT END = -105.02637 / Abs rot angle at exp end (deg)
HIERARCH ESO INS SWSIM = 'NORMAL  ' / Software simulation
HIERARCH ESO INS ID = 'VIMOS   ' / Instrument identification
HIERARCH ESO INS DID = 'ESO-VLT-DIC.VIMOS_ICS-2.10' / Data dictionary fo
HIERARCH ESO INS SOFT DATE = 'Dec 25 2010' / Instrument SW Release date
HIERARCH ESO INS SOFT ID = '2.27    ' / Version of ICS
HIERARCH ESO INS ADF TYPE = 'IMA     ' / Type of ADF
HIERARCH ESO INS ADF VERSION = 0.100000 / Version of ADF
HIERARCH ESO INS SLIT NO =   0 / Number of all apertures but refere
HIERARCH ESO INS ADF UNIT = 'pixel   ' / Unit of slit/object coordinates
HIERARCH ESO INS ADF COMMENT = 'my IMA Table Version 0.1' / Optional user commen
HIERARCH ESO INS PIXSCALE = 0.205 / Pixel scale
HIERARCH ESO INS MODE = 'IMG     ' / Instrument Observation Mode
HIERARCH ESO INS FILT4 FIX = F / Filter mode degraded
HIERARCH ESO INS FILT4 SIM = F / Device Hardware Simulation
HIERARCH ESO INS FILT4 NAME = 'R       ' / Filter name
HIERARCH ESO INS FILT4 ID = 'vm-R-4.5' / Filter ESO ID
HIERARCH ESO INS MASK4 FIX = F / Mask mode degraded
HIERARCH ESO INS MASK4 SIM = F / Device Hardware Simulation
HIERARCH ESO INS MASK4 NO =  0 / Mask set number
HIERARCH ESO INS FOCU1 FIX = F / Focusing mode degraded
HIERARCH ESO INS FOCU1 SIM = F / Device Hardware Simulation
HIERARCH ESO INS FOCU1 TEMP = 13.192627 / Temperature(C) for the beam
HIERARCH ESO INS FOCU1 MODE = 'AUTO    ' / Focusing : Manual or Automatic
HIERARCH ESO INS FOCU1 VALUE = 691.991699 / Camera lens position(micron)
HIERARCH ESO INS FOCU3 FIX = F / Focusing mode degraded
HIERARCH ESO INS FOCU3 SIM = F / Device Hardware Simulation
HIERARCH ESO INS FOCU3 TEMP = 13.219471 / Temperature(C) for the beam
HIERARCH ESO INS FOCU3 MODE = 'AUTO    ' / Focusing : Manual or Automatic
HIERARCH ESO INS FOCU3 VALUE = 576.093755 / Camera lens position(micron)
HIERARCH ESO INS FOCU2 FIX = F / Focusing mode degraded
HIERARCH ESO INS FOCU2 SIM = F / Device Hardware Simulation
HIERARCH ESO INS FOCU2 TEMP = 12.994289 / Temperature(C) for the beam
HIERARCH ESO INS FOCU2 MODE = 'AUTO    ' / Focusing : Manual or Automatic
HIERARCH ESO INS FOCU2 VALUE = 639.943765 / Camera lens position(micron)
HIERARCH ESO INS FOCU4 FIX = F / Focusing mode degraded
HIERARCH ESO INS FOCU4 SIM = F / Device Hardware Simulation
HIERARCH ESO INS FOCU4 TEMP = 12.803772 / Temperature(C) for the beam
HIERARCH ESO INS FOCU4 MODE = 'AUTO    ' / Focusing : Manual or Automatic
HIERARCH ESO INS FOCU4 VALUE = 977.320789 / Camera lens position(micron)
HIERARCH ESO INS MSHU4 FIX = F / Mask Shutter mode degraded
HIERARCH ESO INS MSHU4 SIM = T / Device Hardware Simulation
HIERARCH ESO INS MSHU4 MODE = 'OFF     ' / Mask Shutter mode
HIERARCH ESO INS MSHU4 POSH = 7.348085 / High Mask Shutters positions (mm)
HIERARCH ESO INS MSHU4 POSL = 7.348085 / Low Mask Shutters position (mm)
HIERARCH ESO INS GRIS4 FIX = F / Grism mode degraded
HIERARCH ESO INS GRIS4 SIM = F / Device Hardware Simulation
HIERARCH ESO INS GRIS4 NAME = 'Free    ' / Grism name
HIERARCH ESO INS GRIS4 ID = '        ' / Grism ESO ID
HIERARCH ESO INS AFC41 FIX = F / AFC mode degraded
HIERARCH ESO INS AFC41 SIM = F / Device Hardware Simulation
HIERARCH ESO INS AFC42 FIX = F / AFC mode degraded
HIERARCH ESO INS AFC42 SIM = F / Device Hardware Simulation
HIERARCH ESO INS LAMP1 FIX = F / Lamp[i] mode degraded
HIERARCH ESO INS LAMP1 SIM = F / Device Hardware Simulation
HIERARCH ESO INS LAMP1 TIME = 0 / Lamp lightening time
HIERARCH ESO INS LAMP1 STATE = 'OFF     ' / State for this lamp in each box
HIERARCH ESO INS LAMP1 NAME = 'QTH50   ' / Calibration lamp name
HIERARCH ESO INS LAMP1 ID = 'vm-QTH50-1' / Calib. lamp ESO identification
HIERARCH ESO INS LAMP2 FIX = F / Lamp[i] mode degraded
HIERARCH ESO INS LAMP2 SIM = F / Device Hardware Simulation
HIERARCH ESO INS LAMP2 TIME = 0 / Lamp lightening time
HIERARCH ESO INS LAMP2 STATE = 'OFF     ' / State for this lamp in each box
HIERARCH ESO INS LAMP2 NAME = 'QTH10   ' / Calibration lamp name
HIERARCH ESO INS LAMP2 ID = 'vm-QTH10-2' / Calib. lamp ESO identification
HIERARCH ESO INS IFUM1 FIX = F / IFU Mask mode degraded
HIERARCH ESO INS IFUM1 SIM = F / Device Hardware Simulation
HIERARCH ESO INS IFUM1 MODE = 'OFF     ' / IFU Mask mode
HIERARCH ESO INS LAMP3 FIX = F / Lamp[i] mode degraded
HIERARCH ESO INS LAMP3 SIM = F / Device Hardware Simulation
HIERARCH ESO INS LAMP3 TIME = 0 / Lamp lightening time
HIERARCH ESO INS LAMP3 STATE = 'OFF     ' / State for this lamp in each box
HIERARCH ESO INS LAMP3 NAME = 'He      ' / Calibration lamp name
HIERARCH ESO INS LAMP3 ID = 'vm-He-3 ' / Calib. lamp ESO identification
HIERARCH ESO INS IFUM2 FIX = F / IFU Mask mode degraded
HIERARCH ESO INS IFUM2 SIM = F / Device Hardware Simulation
HIERARCH ESO INS IFUM2 MODE = 'OFF     ' / IFU Mask mode
HIERARCH ESO INS LAMP4 FIX = F / Lamp[i] mode degraded
HIERARCH ESO INS LAMP4 SIM = F / Device Hardware Simulation
HIERARCH ESO INS LAMP4 TIME = 0 / Lamp lightening time
HIERARCH ESO INS LAMP4 STATE = 'OFF     ' / State for this lamp in each box
HIERARCH ESO INS LAMP4 NAME = 'Ne      ' / Calibration lamp name
HIERARCH ESO INS LAMP4 ID = 'vm-Ne-4 ' / Calib. lamp ESO identification
HIERARCH ESO INS LAMP5 FIX = F / Lamp[i] mode degraded
HIERARCH ESO INS LAMP5 SIM = F / Device Hardware Simulation
HIERARCH ESO INS LAMP5 TIME = 0 / Lamp lightening time
HIERARCH ESO INS LAMP5 STATE = 'OFF     ' / State for this lamp in each box
HIERARCH ESO INS LAMP5 NAME = 'Ar      ' / Calibration lamp name
HIERARCH ESO INS LAMP5 ID = 'vm-Ar-5 ' / Calib. lamp ESO identification
HIERARCH ESO INS LAMP6 FIX = F / Lamp[i] mode degraded
HIERARCH ESO INS LAMP6 SIM = F / Device Hardware Simulation
HIERARCH ESO INS LAMP6 TIME = 0 / Lamp lightening time
HIERARCH ESO INS LAMP6 STATE = 'OFF     ' / State for this lamp in each box
HIERARCH ESO INS LAMP6 NAME = 'Afc     ' / Calibration lamp name
HIERARCH ESO INS LAMP6 ID = 'vm-Afc-6' / Calib. lamp ESO identification
HIERARCH ESO INS IFUE FIX =  F / IFU Elongator mode degraded
HIERARCH ESO INS IFUE SIM =  F / Device Hardware Simulation
HIERARCH ESO INS IFUE MAG = '1:1     ' / IFU Magnification 0.33(1:2) or 0.6
HIERARCH ESO INS IFUS FIX =  F / IFU Shutter mode degraded
HIERARCH ESO INS IFUS SIM =  F / Device Hardware Simulation
HIERARCH ESO INS IFUS MODE = 'OFF     ' / IFU Shutter CLOSED(ON) or OPEN(OFF
HIERARCH ESO DET OUT1 INDEX = 1 / Output index
HIERARCH ESO DET OUT1 ID = 'L       ' / Output ID as from manufacturer
HIERARCH ESO DET OUT1 NAME = 'L       ' / Description of output
HIERARCH ESO DET OUT1 CHIP = 2 / index of chip it belongs to
HIERARCH ESO DET OUT1 X =    1 / X location of output
HIERARCH ESO DET OUT1 Y =    1 / Y location of output
HIERARCH ESO DET OUT1 NX = 2048 / valid pixels along X
HIERARCH ESO DET OUT1 NY = 2440 / valid pixels along Y
HIERARCH ESO DET OUT1 CONAD = 1.85 / Conversion from ADUs to electrons
HIERARCH ESO DET OUT1 RON = 3.77 / Readout noise per output (e-)
HIERARCH ESO DET OUT1 GAIN = 0.54 / Conversion from electrons to ADU
HIERARCH ESO DET ID = 'CCD FIERA - Rev: 3.108' / Detector system Id
HIERARCH ESO DET NAME = 'Vimosb - vimosb' / Name of detector system
HIERARCH ESO DET DATE = '2010-07-01' / Installation date
HIERARCH ESO DET DID = 'ESO-VLT-DIC.CCDDCS,ESO-VLT-DIC.FCDDCS' / Diction
HIERARCH ESO DET BITS =     16 / Bits per pixel readout
HIERARCH ESO DET RA = 0.000000000 / Apparent 00:00:00.0 RA at start
HIERARCH ESO DET DEC = 0.000000000 / Apparent 00:00:00.0 DEC at start
HIERARCH ESO DET CHIPS =     1 / # of chips in detector array
HIERARCH ESO DET OUTPUTS =   1 / # of outputs
HIERARCH ESO DET OUTREF =    0 / reference output
HIERARCH ESO DET WINDOWS =   1 / # of windows readout
HIERARCH ESO DET SOFW MODE = 'Normal  ' / CCD sw operational mode
HIERARCH ESO DET EXP NO = 19811 / Unique exposure ID number
HIERARCH ESO DET EXP TYPE = 'Normal  ' / Exposure type
HIERARCH ESO DET EXP RDTTIME = 5.423 / image readout time
HIERARCH ESO DET EXP XFERTIM = 30.868 / image transfer time
HIERARCH ESO DET WIN1 ST =   T / If T, window enabled
HIERARCH ESO DET WIN1 STRX = 1 / Lower left pixel in X
HIERARCH ESO DET WIN1 STRY = 1 / Lower left pixel in Y
HIERARCH ESO DET WIN1 NX = 2148 / # of pixels along X
HIERARCH ESO DET WIN1 NY = 2440 / # of pixels along Y
HIERARCH ESO DET WIN1 BINX = 1 / Binning factor along X
HIERARCH ESO DET WIN1 BINY = 1 / Binning factor along Y
HIERARCH ESO DET WIN1 NDIT = 1 / # of subintegrations
HIERARCH ESO DET WIN1 UIT1 = 120.000000 / user defined subintegration time
HIERARCH ESO DET WIN1 DIT1 = 119.996379 / actual subintegration time
HIERARCH ESO DET WIN1 DKTM = 120.1126 / Dark current time
HIERARCH ESO DET READ MODE = 'normal  ' / Readout method
HIERARCH ESO DET READ SPEED = 'medium  ' / Readout speed
HIERARCH ESO DET READ CLOCK = '225kHz,1port,LG' / Readout clock pattern used
HIERARCH ESO DET READ NFRAM = 1 / Number of readouts buffered in sin
HIERARCH ESO DET FRAM ID =   1 / Image sequencial number
HIERARCH ESO DET FRAM TYPE = 'Normal  ' / Type of frame
HIERARCH ESO DET SHUT TYPE = 'seso    ' / type of shutter
HIERARCH ESO DET SHUT ID = 'VIMOS shutter' / Shutter unique identifier
HIERARCH ESO DET SHUT TMOPEN = 0.088 / Time taken to open shutter
HIERARCH ESO DET SHUT TMCLOS = 0.081 / Time taken to close shutter
HIERARCH ESO DET TELE INT = 900.0 / Interval between two successive te
HIERARCH ESO DET TELE NO =   7 / # of sources active
HIERARCH ESO DET TLM1 NAME = 'CCD Cold Plate' / Description of telemetry param
HIERARCH ESO DET TLM1 ID = 'CCD_B1_T1' / ID of telemetry sensor
HIERARCH ESO DET TLM1 START = 140.200 / Telemetry value at read start
HIERARCH ESO DET TLM1 END = 140.200 / Telemetry value at read completion
HIERARCH ESO DET TLM2 NAME = 'CCD Cold Plate2' / Description of telemetry para
HIERARCH ESO DET TLM2 ID = 'CCD_B1_T2' / ID of telemetry sensor
HIERARCH ESO DET TLM2 START = 151.600 / Telemetry value at read start
HIERARCH ESO DET TLM2 END = 151.600 / Telemetry value at read completion
HIERARCH ESO DET TLM3 NAME = 'CCD Cold Plate' / Description of telemetry param
HIERARCH ESO DET TLM3 ID = 'CCD_B4_T1' / ID of telemetry sensor
HIERARCH ESO DET TLM3 START = 140.000 / Telemetry value at read start
HIERARCH ESO DET TLM3 END = 140.000 / Telemetry value at read completion
HIERARCH ESO DET TLM4 NAME = 'CCD Cold Plate2' / Description of telemetry para
HIERARCH ESO DET TLM4 ID = 'CCD_B4_T2' / ID of telemetry sensor
HIERARCH ESO DET TLM4 START = 140.600 / Telemetry value at read start
HIERARCH ESO DET TLM4 END = 140.600 / Telemetry value at read completion
HIERARCH ESO DET TLM5 NAME = 'FBOX    ' / Description of telemetry param.
HIERARCH ESO DET TLM5 ID = 'FBOX    ' / ID of telemetry sensor
HIERARCH ESO DET TLM5 START = 287.100 / Telemetry value at read start
HIERARCH ESO DET TLM5 END = 287.100 / Telemetry value at read completion
HIERARCH ESO DET TLM6 NAME = 'Vaccum_B1' / Description of telemetry param.
HIERARCH ESO DET TLM6 ID = 'Vaccum_B1' / ID of telemetry sensor
HIERARCH ESO DET TLM6 START = 0.000 / Telemetry value at read start
HIERARCH ESO DET TLM6 END = 0.000 / Telemetry value at read completion
HIERARCH ESO DET TLM7 NAME = 'Vaccum_B4' / Description of telemetry param.
HIERARCH ESO DET TLM7 ID = 'Vaccum_B4' / ID of telemetry sensor
HIERARCH ESO DET TLM7 START = 0.000 / Telemetry value at read start
HIERARCH ESO DET TLM7 END = 0.000 / Telemetry value at read completion
HIERARCH ESO DET CHIP1 INDEX = 2 / Chip index
HIERARCH ESO DET CHIP1 ID = 'DAVID   ' / Detector chip identification
HIERARCH ESO DET CHIP1 NAME = 'EEV CCD-44-82' / Detector chip name
HIERARCH ESO DET CHIP1 DATE = '2000-08-30' / Date of installation [YYYY-MM-DD]
HIERARCH ESO DET CHIP1 X =   2 / X location in array
HIERARCH ESO DET CHIP1 Y =   1 / Y location in array
HIERARCH ESO DET CHIP1 NX = 2048 / # of pixels along X
HIERARCH ESO DET CHIP1 NY = 4096 / # of pixels along Y
HIERARCH ESO DET CHIP1 PSZX = 15.0 / Size of pixel in X
HIERARCH ESO DET CHIP1 PSZY = 15.0 / Size of pixel in Y
HIERARCH ESO DET CHIP1 XGAP = 0.000000 / Gap between chips along x
HIERARCH ESO DET CHIP1 YGAP = 0.000000 / Gap between chips along y
HIERARCH ESO PRO DATAAVG = 2300.86889648438 / Mean pixel value
HIERARCH ESO PRO DATARMS = 541.522033691406 / Standard deviation of pixel values
HIERARCH ESO PRO DATAMED = 2002.28454589844 / Median pixel value
HIERARCH ESO PRO CCD SKY DAYTIM = '2010-11-16T08:08:53.399' / Time stamp for ccd
HIERARCH ESO PRO CCD SKY TEMP = 11.341125 / Temperature ccd2sky matrix
HIERARCH ESO PRO CCD SKY XORD = 3 / Order of the polynomial for l
HIERARCH ESO PRO CCD SKY YORD = 3 / Order of the polynomial for m
HIERARCH ESO PRO CCD SKY X_0_0 = '-14.117268' / ij coefficient of the polynomial
HIERARCH ESO PRO CCD SKY X_0_1 = '1.0285636' / ij coefficient of the polynomial
HIERARCH ESO PRO CCD SKY X_0_2 = '-2.010864E-05' / ij coefficient of the polynom
HIERARCH ESO PRO CCD SKY X_0_3 = '4.6891173E-09' / ij coefficient of the polynom
HIERARCH ESO PRO CCD SKY X_1_0 = '0.0274423' / ij coefficient of the polynom
HIERARCH ESO PRO CCD SKY X_1_1 = '-6.8194417E-05' / ij coefficient of the polyno
HIERARCH ESO PRO CCD SKY X_1_2 = '6.072175E-08' / ij coefficient of the polynom
HIERARCH ESO PRO CCD SKY X_1_3 = '-1.6271262E-11' / ij coefficient of the polyno
HIERARCH ESO PRO CCD SKY X_2_0 = '-2.3007553E-05' / ij coefficient of the polyno
HIERARCH ESO PRO CCD SKY X_2_1 = '6.738103E-08' / ij coefficient of the polynom
HIERARCH ESO PRO CCD SKY X_2_2 = '-6.0297524E-11' / ij coefficient of the polyno
HIERARCH ESO PRO CCD SKY X_2_3 = '1.6587965E-14' / ij coefficient of the polynom
HIERARCH ESO PRO CCD SKY X_3_0 = '5.9794153E-09' / ij coefficient of the polynom
HIERARCH ESO PRO CCD SKY X_3_1 = '-1.8498228E-11' / ij coefficient of the polyno
HIERARCH ESO PRO CCD SKY X_3_2 = '1.6827417E-14' / ij coefficient of the polynom
HIERARCH ESO PRO CCD SKY X_3_3 = '-4.7161982E-18' / ij coefficient of the polyno
HIERARCH ESO PRO CCD SKY Y_0_0 = '-6.3942303' / ij coefficient of the polynomial
HIERARCH ESO PRO CCD SKY Y_0_1 = '-0.0061792822' / ij coefficient of the polynom
HIERARCH ESO PRO CCD SKY Y_0_2 = '1.1991811E-05' / ij coefficient of the polynom
HIERARCH ESO PRO CCD SKY Y_0_3 = '-4.2294965E-09' / ij coefficient of the polyno
HIERARCH ESO PRO CCD SKY Y_1_0 = '0.99314602' / ij coefficient of the polynomial
HIERARCH ESO PRO CCD SKY Y_1_1 = '4.6022534E-05' / ij coefficient of the polynom
HIERARCH ESO PRO CCD SKY Y_1_2 = '-6.8073746E-08' / ij coefficient of the polyno
HIERARCH ESO PRO CCD SKY Y_1_3 = '2.5563264E-11' / ij coefficient of the polynom
HIERARCH ESO PRO CCD SKY Y_2_0 = '1.0750458E-05' / ij coefficient of the polynom
HIERARCH ESO PRO CCD SKY Y_2_1 = '-5.4811052E-08' / ij coefficient of the polyno
HIERARCH ESO PRO CCD SKY Y_2_2 = '7.796738E-11' / ij coefficient of the polynomi
HIERARCH ESO PRO CCD SKY Y_2_3 = '-2.9139304E-14' / ij coefficient of the polyno
HIERARCH ESO PRO CCD SKY Y_3_0 = '-2.6861179E-09' / ij coefficient of the polyno
HIERARCH ESO PRO CCD SKY Y_3_1 = '1.71554E-11' / ij coefficient of the polynomi
HIERARCH ESO PRO CCD SKY Y_3_2 = '-2.4050828E-14' / ij coefficient of the polyno
HIERARCH ESO PRO CCD SKY Y_3_3 = '8.9274495E-18' / ij coefficient of the polynom
HIERARCH ESO PRO CCD SKY XRMS = 0.363608 / RMS error in model fit in X
HIERARCH ESO PRO CCD SKY YRMS = 0.484187 / RMS error in model fit in Y
HIERARCH ESO PRO SKY CCD XORD = 3 / Order of the polynomial for X of t
HIERARCH ESO PRO SKY CCD YORD = 3 / Order of the polynomial for Y of t
HIERARCH ESO PRO SKY CCD X_0_0 = '13.793392' / ij coefficient of the polynomial
HIERARCH ESO PRO SKY CCD X_0_1 = '0.97220306' / ij coefficient of the polynomial
HIERARCH ESO PRO SKY CCD X_0_2 = '1.9478367E-05' / ij coefficient of the polynom
HIERARCH ESO PRO SKY CCD X_0_3 = '-4.5216246E-09' / ij coefficient of the polyno
HIERARCH ESO PRO SKY CCD X_1_0 = '-0.026750834' / ij coefficient of the polynomi
HIERARCH ESO PRO SKY CCD X_1_1 = '6.6293001E-05' / ij coefficient of the polynom
HIERARCH ESO PRO SKY CCD X_1_2 = '-5.9066323E-08' / ij coefficient of the polyno
HIERARCH ESO PRO SKY CCD X_1_3 = '1.5810663E-11' / ij coefficient of the polynom
HIERARCH ESO PRO SKY CCD X_2_0 = '2.2463655E-05' / ij coefficient of the polynom
HIERARCH ESO PRO SKY CCD X_2_1 = '-6.5716703E-08' / ij coefficient of the polyno
HIERARCH ESO PRO SKY CCD X_2_2 = '5.8781611E-11' / ij coefficient of the polynom
HIERARCH ESO PRO SKY CCD X_2_3 = '-1.6149149E-14' / ij coefficient of the polyno
HIERARCH ESO PRO SKY CCD X_3_0 = '-5.8420559E-09' / ij coefficient of the polyno
HIERARCH ESO PRO SKY CCD X_3_1 = '1.8059353E-11' / ij coefficient of the polynom
HIERARCH ESO PRO SKY CCD X_3_2 = '-1.6412788E-14' / ij coefficient of the polyno
HIERARCH ESO PRO SKY CCD X_3_3 = '4.5922263E-18' / ij coefficient of the polynom
HIERARCH ESO PRO SKY CCD Y_0_0 = '6.3215816' / ij coefficient of the polynomial
HIERARCH ESO PRO SKY CCD Y_0_1 = '0.0062217267' / ij coefficient of the polynomi
HIERARCH ESO PRO SKY CCD Y_0_2 = '-1.1854606E-05' / ij coefficient of the polyno
HIERARCH ESO PRO SKY CCD Y_0_3 = '4.1434844E-09' / ij coefficient of the polynom
HIERARCH ESO PRO SKY CCD Y_1_0 = '1.0069163' / ij coefficient of the polynomial
HIERARCH ESO PRO SKY CCD Y_1_1 = '-4.5710634E-05' / ij coefficient of the polyno
HIERARCH ESO PRO SKY CCD Y_1_2 = '6.7153543E-08' / ij coefficient of the polynom
HIERARCH ESO PRO SKY CCD Y_1_3 = '-2.5101276E-11' / ij coefficient of the polyno
HIERARCH ESO PRO SKY CCD Y_2_0 = '-1.0739784E-05' / ij coefficient of the polyno
HIERARCH ESO PRO SKY CCD Y_2_1 = '5.4149705E-08' / ij coefficient of the polynom
HIERARCH ESO PRO SKY CCD Y_2_2 = '-7.6645665E-11' / ij coefficient of the polyno
HIERARCH ESO PRO SKY CCD Y_2_3 = '2.8535562E-14' / ij coefficient of the polynom
HIERARCH ESO PRO SKY CCD Y_3_0 = '2.6738048E-09' / ij coefficient of the polynom
HIERARCH ESO PRO SKY CCD Y_3_1 = '-1.6891624E-11' / ij coefficient of the polyno
HIERARCH ESO PRO SKY CCD Y_3_2 = '2.3578545E-14' / ij coefficient of the polynom
HIERARCH ESO PRO SKY CCD Y_3_3 = '-8.7201665E-18' / ij coefficient of the polyno
HIERARCH ESO PRO SKY CCD XRMS = 0.361586 / RMS error in model fit in X
HIERARCH ESO PRO SKY CCD YRMS = 0.480938 / RMS error in model fit in Y
HIERARCH ESO PRO CCD MASK DAYTIM = '2011-03-26T22:03:29.050' / Time stamp for cc
HIERARCH ESO PRO CCD MASK TEMP = 14.228912 / Temperature ccd2mask matrix
HIERARCH ESO PRO MASK CCD XORD = 3 / Order of the polynomial for X of t
HIERARCH ESO PRO MASK CCD YORD = 3 / Order of the polynomial for Y of t
HIERARCH ESO PRO MASK CCD X0 = '1036.4343618' / shift X term for ccd to mask ma
HIERARCH ESO PRO MASK CCD XX = '8.3923852' / scale X term for ccd to mask matri
HIERARCH ESO PRO MASK CCD XY = '0.0088163861' / rotation X term for ccd to mask
HIERARCH ESO PRO MASK CCD Y0 = '1386.36552598' / shift X term for ccd to mask ma
HIERARCH ESO PRO MASK CCD YY = '8.3919963' / scale X term for ccd to mask matri
HIERARCH ESO PRO MASK CCD YX = '-0.009080896' / rotation X term for ccd to mask
HIERARCH ESO PRO MASK CCD X_0_0 = '-0.013826919' / ij coefficient of the polynom
HIERARCH ESO PRO MASK CCD X_0_1 = '0.0031996683' / ij coefficient of the polynom
HIERARCH ESO PRO MASK CCD X_0_2 = '4.4369457E-06' / ij coefficient of the polyno
HIERARCH ESO PRO MASK CCD X_0_3 = '-1.3444835E-07' / ij coefficient of the polyn
HIERARCH ESO PRO MASK CCD X_1_0 = '0.0003200306' / ij coefficient of the polyno
HIERARCH ESO PRO MASK CCD X_1_1 = '-1.5644089E-05' / ij coefficient of the polyn
HIERARCH ESO PRO MASK CCD X_1_2 = '2.8274697E-09' / ij coefficient of the polyno
HIERARCH ESO PRO MASK CCD X_1_3 = '1.0593556E-09' / ij coefficient of the polyno
HIERARCH ESO PRO MASK CCD X_2_0 = '-1.7208305E-06' / ij coefficient of the polyn
HIERARCH ESO PRO MASK CCD X_2_1 = '2.3201208E-07' / ij coefficient of the polyno
HIERARCH ESO PRO MASK CCD X_2_2 = '7.2183226E-11' / ij coefficient of the polyno
HIERARCH ESO PRO MASK CCD X_2_3 = '-4.0687294E-11' / ij coefficient of the polyn
HIERARCH ESO PRO MASK CCD X_3_0 = '3.9361464E-09' / ij coefficient of the polyno
HIERARCH ESO PRO MASK CCD X_3_1 = '4.0468902E-09' / ij coefficient of the polyno
HIERARCH ESO PRO MASK CCD X_3_2 = '-1.4139512E-12' / ij coefficient of the polyn
HIERARCH ESO PRO MASK CCD X_3_3 = '-1.3731235E-13' / ij coefficient of the polyn
HIERARCH ESO PRO MASK CCD Y_0_0 = '-0.54753719' / ij coefficient of the polynomi
HIERARCH ESO PRO MASK CCD Y_0_1 = '0.0002418361' / ij coefficient of the polynom
HIERARCH ESO PRO MASK CCD Y_0_2 = '2.4925725E-05' / ij coefficient of the polyno
HIERARCH ESO PRO MASK CCD Y_0_3 = '5.9248102E-08' / ij coefficient of the polyno
HIERARCH ESO PRO MASK CCD Y_1_0 = '0.0029729186' / ij coefficient of the polynom
HIERARCH ESO PRO MASK CCD Y_1_1 = '2.2074952E-05' / ij coefficient of the polyno
HIERARCH ESO PRO MASK CCD Y_1_2 = '-2.6352534E-08' / ij coefficient of the polyn
HIERARCH ESO PRO MASK CCD Y_1_3 = '-1.5628679E-09' / ij coefficient of the polyn
HIERARCH ESO PRO MASK CCD Y_2_0 = '8.5134768E-05' / ij coefficient of the polyno
HIERARCH ESO PRO MASK CCD Y_2_1 = '8.4911295E-08' / ij coefficient of the polyno
HIERARCH ESO PRO MASK CCD Y_2_2 = '-4.4208308E-09' / ij coefficient of the polyn
HIERARCH ESO PRO MASK CCD Y_2_3 = '-1.7593428E-11' / ij coefficient of the polyn
HIERARCH ESO PRO MASK CCD Y_3_0 = '2.2513786E-07' / ij coefficient of the polyno
HIERARCH ESO PRO MASK CCD Y_3_1 = '-1.2324636E-09' / ij coefficient of the polyn
HIERARCH ESO PRO MASK CCD Y_3_2 = '-5.4035522E-11' / ij coefficient of the polyn
HIERARCH ESO PRO MASK CCD Y_3_3 = '1.0606048E-13' / ij coefficient of the polyno
HIERARCH ESO PRO MASK CCD XRMS = 0.073916 / RMS error in model fit in X
HIERARCH ESO PRO MASK CCD YRMS = 0.301694 / RMS error in model fit in Y
HIERARCH ESO PRO CCD MASK XORD = 3 / Order of the polynomial for x of t
HIERARCH ESO PRO CCD MASK YORD = 3 / Order of the polynomial for y of t
HIERARCH ESO PRO CCD MASK X0 = '-123.32326444' / shift X term for ccd to mask m
HIERARCH ESO PRO CCD MASK XX = '0.11915547' / scale X term for ccd to mask matri
HIERARCH ESO PRO CCD MASK XY = '-0.00012519128' / rotation X term for ccd to mas
HIERARCH ESO PRO CCD MASK Y0 = '-165.334249058' / shift y term for ccd to mask m
HIERARCH ESO PRO CCD MASK YY = '0.11916094' / rotation y term for ccd to mask ma
HIERARCH ESO PRO CCD MASK YX = '0.00012892034' / scale y term for ccd to mask m
HIERARCH ESO PRO CCD MASK X_0_0 = '-0.27819913' / 0i coefficient of the polynomi
HIERARCH ESO PRO CCD MASK X_0_1 = '0.00065572597' / 0i coefficient of the polyno
HIERARCH ESO PRO CCD MASK X_0_2 = '-5.2824232E-07' / 0i coefficient of the polyn
HIERARCH ESO PRO CCD MASK X_0_3 = '1.6331162E-10' / 0i coefficient of the polyno
HIERARCH ESO PRO CCD MASK X_1_0 = '0.00052193321' / ij coefficient of the polyno
HIERARCH ESO PRO CCD MASK X_1_1 = '-7.2451148E-07' / ij coefficient of the polyn
HIERARCH ESO PRO CCD MASK X_1_2 = '2.8207384E-10' / ij coefficient of the polyno
HIERARCH ESO PRO CCD MASK X_1_3 = '-8.2292482E-14' / ij coefficient of the polyn
HIERARCH ESO PRO CCD MASK X_2_0 = '-2.9908347E-07' / ij coefficient of the polyn
HIERARCH ESO PRO CCD MASK X_2_1 = '1.500245E-10' / ij coefficient of the polynom
HIERARCH ESO PRO CCD MASK X_2_2 = '2.1786461E-13' / ij coefficient of the polyno
HIERARCH ESO PRO CCD MASK X_2_3 = '-7.5534769E-17' / ij coefficient of the polyn
HIERARCH ESO PRO CCD MASK X_3_0 = '5.2530072E-11' / ij coefficient of the polyno
HIERARCH ESO PRO CCD MASK X_3_1 = '4.4116585E-14' / ij coefficient of the polyno
HIERARCH ESO PRO CCD MASK X_3_2 = '-1.4003059E-16' / ij coefficient of the polyn
HIERARCH ESO PRO CCD MASK X_3_3 = '4.6170261E-20' / ij coefficient of the polyno
HIERARCH ESO PRO CCD MASK Y_0_0 = '-0.39003843' / ij coefficient of the polynomi
HIERARCH ESO PRO CCD MASK Y_0_1 = '0.00089617152' / ij coefficient of the polyno
HIERARCH ESO PRO CCD MASK Y_0_2 = '-6.6746624E-07' / ij coefficient of the polyn
HIERARCH ESO PRO CCD MASK Y_0_3 = '1.3136618E-10' / ij coefficient of the polyno
HIERARCH ESO PRO CCD MASK Y_1_0 = '0.00090747835' / ij coefficient of the polyno
HIERARCH ESO PRO CCD MASK Y_1_1 = '-2.0883976E-06' / ij coefficient of the polyn
HIERARCH ESO PRO CCD MASK Y_1_2 = '1.5844661E-09' / ij coefficient of the polyno
HIERARCH ESO PRO CCD MASK Y_1_3 = '-3.1481101E-13' / ij coefficient of the polyn
HIERARCH ESO PRO CCD MASK Y_2_0 = '-6.1414882E-07' / ij coefficient of the polyn
HIERARCH ESO PRO CCD MASK Y_2_1 = '1.6318553E-09' / ij coefficient of the polyno
HIERARCH ESO PRO CCD MASK Y_2_2 = '-1.1710069E-12' / ij coefficient of the polyn
HIERARCH ESO PRO CCD MASK Y_2_3 = '2.033438E-16' / ij coefficient of the polynom
HIERARCH ESO PRO CCD MASK Y_3_0 = '1.3106842E-10' / ij coefficient of the polyno
HIERARCH ESO PRO CCD MASK Y_3_1 = '-4.0974679E-13' / ij coefficient of the polyn
HIERARCH ESO PRO CCD MASK Y_3_2 = '2.6885218E-16' / ij coefficient of the polyno
HIERARCH ESO PRO CCD MASK Y_3_3 = '-3.6648661E-20' / ij coefficient of the polyn
HIERARCH ESO PRO CCD MASK XRMS = 0.008799 / RMS error in model fit in X
HIERARCH ESO PRO CCD MASK YRMS = 0.035915 / RMS error in model fit in Y
HIERARCH ESO OCS CON QUAD =  4 / Quadrant Number
HIERARCH ESO OCS CMF FILE1 NAME = 'IMG_sky2ccd_4.cmf' / Calibration matrix file
HIERARCH ESO OCS CMF FILE1 CRTEDATE = '2010-11-18T20:07:36' / Calibration matrix
HIERARCH ESO OCS CMF FILE2 NAME = 'IMG_mask2ccd_4.cmf' / Calibration matrix file
HIERARCH ESO OCS CMF FILE2 CRTEDATE = '2011-03-26T22:05:10' / Calibration matrix
HIERARCH ESO OCS COMP ID = '1.38 2010/11/30 19:08:00' / OS Software Version
HIERARCH ESO OCS DID = 'ESO-VLT-DIC.VIMOS_OS-0.2' / Data dictionary for
COMMENT = 'FTU-2_5_2/2011-04-01T09:25:25/vimos.ftt'
HISTORY = 'FTU-2_5_2/2011-04-01/CHANGE: DET.WIN1.NX, 2148'
DATASUM = '2588569152'         / data unit checksum updated 2011-04-06T09:32:22
COMMENT processed by HOTF_version : 1.1 on 2011-04-04T00:43:45
HIERARCH ESO PRO MAG ZERO = 27.2898120880127 / Zero point magnitude
HIERARCH ESO PRO MAGZERO RMS = 0.0273272823542356 / RMS on zero point magnitude
HIERARCH ESO PRO EXTINCT = 0.1 / Atmospheric extinction coefficient
HIERARCH ESO PRO EXTINC RMS = 0. / RMS on extinction
HIERARCH ESO PRO COLOUR = 'V-R     ' / Color Index
HIERARCH ESO PRO COLTERM =  0. / Color term for filter
HIERARCH ESO PRO COLTERM RMS = 0. / RMS on color term
HIERARCH ESO QC SKYBACK = 16.3456188082246 / Sky level
HIERARCH ESO QC SKYBACK ERROR = 0.0289679964429804 / Sky level error
CO1_1   = 0.000655060220755646 / X transformation coefficients
CO1_2   =  1.5909983310595E-07 / X transformation coefficients
CO1_3   =  5.7861247297522E-05 / X transformation coefficients
CO1_4   = -2.15477020935168E-10 / X transformation coefficients
CO1_5   = 2.00594088036495E-10 / X transformation coefficients
CO1_6   = -6.90984309808096E-11 / X transformation coefficients
CO1_7   = 7.00573860378529E-14 / X transformation coefficients
CO1_8   = 1.22598544057603E-14 / X transformation coefficients
CO1_9   =                   0. / X transformation coefficients
CO1_10  =                   0. / X transformation coefficients
CO1_11  =                   0. / X transformation coefficients
CO1_12  =                   0. / X transformation coefficients
CO1_13  =                   0. / X transformation coefficients
CO2_1   = 0.000448659704230517 / Y transformation coefficients
CO2_2   = -5.79255711024168E-05 / Y transformation coefficients
CO2_3   = -2.22129947676313E-08 / Y transformation coefficients
CO2_4   = 3.00075743156702E-10 / Y transformation coefficients
CO2_5   = -1.29960434107699E-11 / Y transformation coefficients
CO2_6   = -6.37083118146548E-11 / Y transformation coefficients
CO2_7   = -3.92897789164602E-14 / Y transformation coefficients
CO2_8   = -1.63341369972029E-14 / Y transformation coefficients
CO2_9   =                   0. / Y transformation coefficients
CO2_10  =                   0. / Y transformation coefficients
CO2_11  =                   0. / Y transformation coefficients
CO2_12  =                   0. / Y transformation coefficients
CO2_13  =                   0. / Y transformation coefficients
HIERARCH ESO PRO INVCO1 RMS = 0.139792759388554
HIERARCH ESO PRO INVCO2 RMS = 0.20489269506289
HIERARCH ESO PRO CO1 RMS = 0.0498240323479422
HIERARCH ESO PRO CO2 RMS = 0.0288308048052954
DATAMD5 = 'edfe5f3bf21bf87f6604c3635fae55cf' / MD5 checksum
PIPEFILE= 'r.VIMOS.2011-04-01T09:22:43.312_0000.fits' / no comment
HIERARCH ESO PRO DID = 'PRO-1.15' / Data dictionary for PRO
HIERARCH ESO PRO CATG = 'IMG_SCIENCE_REDUCED' / Category of pipeline product fra
HIERARCH ESO PRO TYPE = 'REDUCED ' / Product type
HIERARCH ESO PRO TECH = 'IMAGE,PRE' / Observation Technique
HIERARCH ESO PRO SCIENCE =   T / Scientific product if T
HIERARCH ESO PRO REC1 ID = 'vmimobsstare' / Pipeline recipe (unique) identifier
HIERARCH ESO PRO REC1 DRS ID = '5.1.0   ' / Data Reduction System identifier
HIERARCH ESO PRO REC1 PIPE ID = 'vimos/2.6.2' / Pipeline (unique) identifier
HIERARCH ESO PRO REC1 RAW1 NAME = 'VIMOS.2011-04-01T09:22:43.312.fits' / File na
HIERARCH ESO PRO REC1 RAW1 CATG = 'IMG_SCIENCE' / Category of raw frame
HIERARCH ESO PRO DATANCOM =  1 / Number of combined frames
HIERARCH ESO PRO REC1 CAL1 NAME = 'VI_MKFI_110402A_R_Q4_lo.fits' / File name of
HIERARCH ESO PRO REC1 CAL1 CATG = 'IMG_MASTER_SKY_FLAT' / Category of calibratio
HIERARCH ESO PRO REC1 CAL1 DATAMD5 = '57bc638d207402c38c790afa7641843c' / MD5 si
HIERARCH ESO PRO REC1 CAL2 NAME = 'VI_MBIA_110331A_Q4_lo.fits' / File name of ca
HIERARCH ESO PRO REC1 CAL2 CATG = 'MASTER_BIAS' / Category of calibration frame
HIERARCH ESO PRO REC1 CAL2 DATAMD5 = 'f8afef6b354388b4a737cd64f904ab05' / MD5 si
HIERARCH ESO PRO REC1 CAL3 NAME = 'VI_PZPI_110330A_R_Q4_lo.fits' / File name of
HIERARCH ESO PRO REC1 CAL3 CATG = 'PHOTOMETRIC_TABLE' / Category of calibration
HIERARCH ESO PRO REC1 CAL3 DATAMD5 = '9768c079f4fa304f3c01602728628f91' / MD5 si
HIERARCH ESO PRO REC1 PARAM1 NAME = 'BiasMethod' / Input parameter name
HIERARCH ESO PRO REC1 PARAM1 VALUE = 'Zmaster ' / Input parameter value
HIERARCH ESO PRO REC1 PARAM2 NAME = 'CleanBadPixel' / Input parameter name
HIERARCH ESO PRO REC1 PARAM2 VALUE = 'false   ' / Input parameter value
HIERARCH ESO PRO REC1 PARAM3 NAME = 'CleanCosmic' / Input parameter name
HIERARCH ESO PRO REC1 PARAM3 VALUE = 'false   ' / Input parameter value
HIERARCH ESO PRO REC1 PARAM4 NAME = 'ComputeQC' / Input parameter name
HIERARCH ESO PRO REC1 PARAM4 VALUE = 'true    ' / Input parameter value
HIERARCH ESO PRO REC1 PARAM5 NAME = 'CosmicsRatio' / Input parameter name
HIERARCH ESO PRO REC1 PARAM5 VALUE = '2       ' / Input parameter value
HIERARCH ESO PRO REC1 PARAM6 NAME = 'CosmicsThreshold' / Input parameter name
HIERARCH ESO PRO REC1 PARAM6 VALUE = '4       ' / Input parameter value
HIERARCH ESO PRO REC1 PARAM7 NAME = 'KSigmaClip' / Input parameter name
HIERARCH ESO PRO REC1 PARAM7 VALUE = '2       ' / Input parameter value
HIERARCH ESO PRO REC1 PARAM8 NAME = 'MagFinal' / Input parameter name
HIERARCH ESO PRO REC1 PARAM8 VALUE = '1.5     ' / Input parameter value
HIERARCH ESO PRO REC1 PARAM9 NAME = 'MagInitial' / Input parameter name
HIERARCH ESO PRO REC1 PARAM9 VALUE = '2.5     ' / Input parameter value
HIERARCH ESO PRO REC1 PARAM10 NAME = 'MagLimit' / Input parameter name
HIERARCH ESO PRO REC1 PARAM10 VALUE = '100     ' / Input parameter value
HIERARCH ESO PRO REC1 PARAM11 NAME = 'MinStars' / Input parameter name
HIERARCH ESO PRO REC1 PARAM11 VALUE = '3       ' / Input parameter value
HIERARCH ESO PRO REC1 PARAM12 NAME = 'RemoteCatalog' / Input parameter name
HIERARCH ESO PRO REC1 PARAM12 VALUE = 'false   ' / Input parameter value
HIERARCH ESO PRO REC1 PARAM13 NAME = 'SearchRadius' / Input parameter name
HIERARCH ESO PRO REC1 PARAM13 VALUE = '6       ' / Input parameter value
HIERARCH ESO PRO REC1 PARAM14 NAME = 'StarIndex' / Input parameter name
HIERARCH ESO PRO REC1 PARAM14 VALUE = '0.5     ' / Input parameter value
HIERARCH ESO PRO REC1 PARAM15 NAME = 'TemperatureCheck' / Input parameter name
HIERARCH ESO PRO REC1 PARAM15 VALUE = 'true    ' / Input parameter value
HIERARCH ESO PRO REC1 PARAM16 NAME = 'TemperatureTolerance' / Input parameter na
HIERARCH ESO PRO REC1 PARAM16 VALUE = '3       ' / Input parameter value
CDBFILE = 'VI_SREI_544351_2011-04-01T09:22:43.312_R_Q4_lo.fits' / QC File Name
ARCFILE = 'S.VIMOS.2011-04-06T11:32:22.812.fits' / Archive File Name
CHECKSUM= 'DFABF94ADC9AD99A'   / HDU checksum updated 2011-04-06T09:32:22
