VI_SSEM_577734_2011-06-24T05:56:42.518_G475_MR_402230_Q4_hi.fits[2499,277][real]: GBS-544351
No bad pixels, min=0., max=0. (old)
Line storage mode, physdim [2499,277], length of user area 19521 s.u.
Created Tue 02:46:30 28-Jun-2011, Last modified Tue 23:16:28 18-Oct-2016
Pixel file "VI_SSEM_577734_2011-06-24T05:56:42.518_G475_MR_402230_Q4_hi.fits" [ok]
EXTEND  =                    T / FITS dataset may contain extensions
COMMENT   FITS (Flexible Image Transport System) format is defined in 'Astronomy
COMMENT   and Astrophysics', volume 376, page 359; bibcode: 2001A&A...376..359H
DATE    = '2011-06-27T23:46:30' / file creation date (YYYY-MM-DDThh:mm:ss UT)
ORIGIN  = 'ESO     '           / European Southern Observatory
MJD-OBS =       55736.24771433 / Obs start 2011-06-24T05:56:42.518
DATE-OBS= '2011-06-24T05:56:42.517' / Date of observation
EXPTIME =               874.99 / Total integration time. 00:14:34.990
TELESCOP= 'ESO-VLT-U3'         / ESO <TEL>
RA      =           266.403793 / 17:45:36.9 RA (J2000) pointing
DEC     =            -31.88146 / -31:52:53.2  DEC (J2000) pointing
EQUINOX =                2000. / Standard FK5 (years)
RADECSYS= 'FK5     '           / Coordinate reference frame
LST     =            69792.626 / 19:23:12.626 LST at start
UTC     =               21398. / 05:56:38.000 UT at start
OBSERVER= 'VIMOS   '           / Name of observer
INSTRUME= 'VIMOS   '           / Instrument used
PI-COI  = '555555555'          / Name of PI and COI
OBJECT  = 'GBS-544351'         / Original target
CRVAL1  =               3501.3 / 17:45:36.9, RA at ref pixel
CRPIX1  =                   1. / Reference pixel in X
CTYPE1  = 'LINEAR  '           / pixel coordinate system
CRVAL2  =                   1. / -31:52:53.2, DEC at ref pixel
CRPIX2  =                   1. / Reference pixel in Y
CTYPE2  = 'PIXEL   '           / pixel coordinate system
INHERIT =                    T / denotes the INHERIT keyword convention
CD1_1   =                  2.6 / Translation matrix element
CD1_2   =                   0. / Translation matrix element
CD2_1   =                   0. / Translation matrix element
CD2_2   =                   1. / Translation matrix element
CHECKSUM= 'CJlbFHlZCHlaCHlY'   / HDU checksum updated 2011-06-28T13:28:51
DATASUM = '1731005438'         / data unit checksum updated 2011-06-28T13:28:51
DATAMD5 = '38190096acc2babf8a7893fe16c036f5' / MD5 checksum
PIPEFILE= 'r.VIMOS.2011-06-24T05:56:42.518_tpl_0005.fits' / no comment
HIERARCH ESO OBS DID = 'ESO-VLT-DIC.OBS-1.11' / OBS Dictionary
HIERARCH ESO OBS EXECTIME = 3595 / Expected execution time
HIERARCH ESO OBS GRP = '0       ' / linked blocks
HIERARCH ESO OBS ID =   577734 / Observation block ID
HIERARCH ESO OBS NAME = 'MOS-GBS-544351' / OB name
HIERARCH ESO OBS OBSERVER = 'UNKNOWN ' / Observer Name
HIERARCH ESO OBS PI-COI ID = 7261 / ESO internal PI-COI ID
HIERARCH ESO OBS PI-COI NAME = 'UNKNOWN ' / PI-COI name
HIERARCH ESO OBS PROG ID = '087.D-0596(A)' / ESO program identification
HIERARCH ESO OBS START = '2011-06-24T05:32:33' / OB start time
HIERARCH ESO OBS TPLNO =     2 / Template number within OB
HIERARCH ESO OBS TARG NAME = 'GBS-544351' / OB target name
HIERARCH ESO TPL FILE DIRNAME = '$INS_ROOT/$INS_USER/ADF' / Storage filename
HIERARCH ESO TPL FILE KEEP = T / paramfile keep-flag
HIERARCH ESO TPL DID = 'ESO-VLT-DIC.TPL-1.9' / Data dictionary for TPL
HIERARCH ESO TPL ID = 'VIMOS_mos_obs_Offset' / Template signature ID
HIERARCH ESO TPL NAME = 'MOS Observation' / Template name
HIERARCH ESO TPL PRESEQ = 'VIMOS_mos_obs_Offset' / Sequencer script
HIERARCH ESO TPL START = '2011-06-24T05:52:57' / TPL start time
HIERARCH ESO TPL VERSION = '@(#) $Revision: 1.38 $' / Version of the templat
HIERARCH ESO TPL NEXP =      2 / Number of exposures within templat
HIERARCH ESO TPL EXPNO =     1 / Exposure number within template
HIERARCH ESO TEL DID = 'ESO-VLT-DIC.TCS' / Data dictionary for TEL
HIERARCH ESO TEL ID = 'v 4.1   ' / TCS version number
HIERARCH ESO TEL DATE = '2000-01-01T00:00:00' / TCS installation date
HIERARCH ESO TEL ALT =  67.547 / Alt angle at start (deg)
HIERARCH ESO TEL AZ =   65.659 / Az angle at start (deg) S=0,W=90
HIERARCH ESO TEL GEOELEV = 2648. / Elevation above sea level (m)
HIERARCH ESO TEL GEOLAT = -24.6268 / Tel geo latitute (+=North) (deg)
HIERARCH ESO TEL GEOLON = -70.4045 / Tel geo longitude (+=East) (deg)
HIERARCH ESO TEL OPER = 'I, Condor' / Telescope Operator
HIERARCH ESO TEL FOCU ID = 'NB      ' / Telescope focus station ID
HIERARCH ESO TEL FOCU LEN = 120. / Focal length (m)
HIERARCH ESO TEL FOCU SCALE = 1.718 / Focal scale (arcsec/mm)
HIERARCH ESO TEL FOCU VALUE = -30.378 / M2 setting (mm)
HIERARCH ESO TEL PARANG START = 77.272 / Parallactic angle at start (deg)
HIERARCH ESO TEL AIRM START = 1.082 / Airmass at start
HIERARCH ESO TEL AMBI FWHM START = 1.6 / Observatory Seeing queried from AS
HIERARCH ESO TEL AMBI PRES START = 742.48 / Observatory ambient air pressure q
HIERARCH ESO TEL AMBI WINDSP = 10.38 / Observatory ambient wind speed que
HIERARCH ESO TEL AMBI WINDDIR = 32. / Observatory ambient wind directio
HIERARCH ESO TEL AMBI RHUM = 8. / Observatory ambient relative humi
HIERARCH ESO TEL AMBI TEMP = 8.96 / Observatory ambient temperature qu
HIERARCH ESO TEL MOON RA = 8.612674 / 00:34:27.0 RA (J2000) (deg)
HIERARCH ESO TEL MOON DEC = 9.25192 / 09:15:06.9 DEC (J2000) (deg)
HIERARCH ESO TEL TH M1 TEMP = 7.91 / M1 superficial temperature
HIERARCH ESO TEL TRAK STATUS = 'NORMAL  ' / Tracking status
HIERARCH ESO TEL DOME STATUS = 'FULLY-OPEN' / Dome status
HIERARCH ESO TEL CHOP ST =   F / True when chopping is active
HIERARCH ESO TEL TARG ALPHA = 174537.049 / Alpha coordinate for the target
HIERARCH ESO TEL TARG DELTA = -315252.788 / Delta coordinate for the target
HIERARCH ESO TEL TARG EPOCH = 2000. / Epoch
HIERARCH ESO TEL TARG EPOCHSYSTEM = 'J       ' / Epoch system (default J=Julian)
HIERARCH ESO TEL TARG EQUINOX = 2000. / Equinox
HIERARCH ESO TEL TARG PMA = 0. / Proper Motion Alpha
HIERARCH ESO TEL TARG PMD = 0. / Proper motion Delta
HIERARCH ESO TEL TARG RADVEL = 0. / Radial velocity
HIERARCH ESO TEL TARG PARALLAX = 0. / Parallax
HIERARCH ESO TEL TARG COORDTYPE = 'M       ' / Coordinate type (M=mean A=apparen
HIERARCH ESO TEL PARANG END = 80.575 / Parallactic angle at end (deg)
HIERARCH ESO TEL AIRM END = 1.108 / Airmass at end
HIERARCH ESO TEL AMBI FWHM END = -1. / Observatory Seeing queried from AS
HIERARCH ESO TEL IA FWHM = 0.87 / Delivered seeing corrected by airm
HIERARCH ESO TEL AMBI PRES END = 742.47 / Observatory ambient air pressure q
HIERARCH ESO TEL AMBI TAU0 = 0.000829 / Average coherence time
HIERARCH ESO TEL GS1 ALPHA = 174607.015 / Guide Star alpha
HIERARCH ESO TEL GS1 DELTA = -320254.816 / Guide Star delta
HIERARCH ESO TEL GS1 PPOS = 'POS     ' / Selected probe position (POS or NE
HIERARCH ESO TEL TARG NAME = '        ' / Name of special target position
HIERARCH ESO INS SWSIM = 'NORMAL  ' / Software simulation
HIERARCH ESO INS ID = 'VIMOS   ' / Instrument identification
HIERARCH ESO INS DID = 'ESO-VLT-DIC.VIMOS_ICS-2.10' / Data dictionary fo
HIERARCH ESO INS SOFT DATE = 'Dec 25 2010' / Instrument SW Release date
HIERARCH ESO INS SOFT ID = '2.27    ' / Version of ICS
HIERARCH ESO INS FOCU4 TEMP = 9.338427 / Temperature(C) for the beam
HIERARCH ESO INS ADF TYPE = 'MOS     ' / Type of ADF
HIERARCH ESO INS ADF VERSION = 3.24 / Version of ADF
HIERARCH ESO INS ADF UNIT = 'MILLIMETER' / Unit of slit/object coordinates
HIERARCH ESO INS ADF ID = 'VI_SREI_544351_Q4_vm_MR_M1Q4.adp' / Name for the
HIERARCH ESO INS ADF ADMID = '2011-06-24T05:32:31-101-4.adm' / Name for the *.
HIERARCH ESO INS ADF COMMENT = '        ' / Optional user comment for ADF
HIERARCH ESO INS MASK4 ID = 402230 / Mask identification number
HIERARCH ESO INS ADF GRISM NAME = 'MR      ' / Grism name
HIERARCH ESO INS ADF GRISM SPECTLEN = 2000. / Spectrum length in pixels
HIERARCH ESO INS ADF SKYREG = 1.8 / Sky region in arcsec
HIERARCH ESO INS REF NO =    5 / Number of reference apertures
HIERARCH ESO INS ARC NO =    1 / Number of curved apertures
HIERARCH ESO INS SLIT NO =   1 / Number of all apertures but refere
HIERARCH ESO INS SHU NO =    1 / Number of shutter positions
HIERARCH ESO INS SHU1 POSL = 0. / Lower shutter positions
HIERARCH ESO INS SHU1 POSH = 2440. / Upper shutter positions
HIERARCH ESO INS REF1 TYPE = 'SQUARE  ' / Type of REF i
HIERARCH ESO INS REF1 ID = 30192 / ID of REF i
HIERARCH ESO INS REF1 OBJ RA = 266.3584 / RA (J2000) of object
HIERARCH ESO INS REF1 OBJ DEC = -31.904186 / DEC (J2000) of object
HIERARCH ESO INS REF1 X = -108.456 / x co-ordinate of REF i
HIERARCH ESO INS REF1 Y = 74.289 / y co-ordinate of REF i
HIERARCH ESO INS REF1 DIMX = 3.578 / Size in x direction of REF i
HIERARCH ESO INS REF1 DIMY = 3.574 / Size in y direction of REF i
HIERARCH ESO INS REF2 TYPE = 'SQUARE  ' / Type of REF i
HIERARCH ESO INS REF2 ID = 30189 / ID of REF i
HIERARCH ESO INS REF2 OBJ RA = 266.267546 / RA (J2000) of object
HIERARCH ESO INS REF2 OBJ DEC = -31.91015 / DEC (J2000) of object
HIERARCH ESO INS REF2 X = -95.501 / x co-ordinate of REF i
HIERARCH ESO INS REF2 Y = -85.937 / y co-ordinate of REF i
HIERARCH ESO INS REF2 DIMX = 3.579 / Size in x direction of REF i
HIERARCH ESO INS REF2 DIMY = 3.58 / Size in y direction of REF i
HIERARCH ESO INS REF3 TYPE = 'SQUARE  ' / Type of REF i
HIERARCH ESO INS REF3 ID = 30190 / ID of REF i
HIERARCH ESO INS REF3 OBJ RA = 266.247112 / RA (J2000) of object
HIERARCH ESO INS REF3 OBJ DEC = -31.944108 / DEC (J2000) of object
HIERARCH ESO INS REF3 X = -24.731 / x co-ordinate of REF i
HIERARCH ESO INS REF3 Y = -122.083 / y co-ordinate of REF i
HIERARCH ESO INS REF3 DIMX = 3.575 / Size in x direction of REF i
HIERARCH ESO INS REF3 DIMY = 3.578 / Size in y direction of REF i
HIERARCH ESO INS REF4 TYPE = 'SQUARE  ' / Type of REF i
HIERARCH ESO INS REF4 ID = 30193 / ID of REF i
HIERARCH ESO INS REF4 OBJ RA = 266.282421 / RA (J2000) of object
HIERARCH ESO INS REF4 OBJ DEC = -31.971125 / DEC (J2000) of object
HIERARCH ESO INS REF4 X = 31.088 / x co-ordinate of REF i
HIERARCH ESO INS REF4 Y = -59.486 / y co-ordinate of REF i
HIERARCH ESO INS REF4 DIMX = 3.573 / Size in x direction of REF i
HIERARCH ESO INS REF4 DIMY = 3.577 / Size in y direction of REF i
HIERARCH ESO INS REF5 TYPE = 'SQUARE  ' / Type of REF i
HIERARCH ESO INS REF5 ID = 30191 / ID of REF i
HIERARCH ESO INS REF5 OBJ RA = 266.253621 / RA (J2000) of object
HIERARCH ESO INS REF5 OBJ DEC = -32.005108 / DEC (J2000) of object
HIERARCH ESO INS REF5 X = 102.449 / x co-ordinate of REF i
HIERARCH ESO INS REF5 Y = -110.698 / y co-ordinate of REF i
HIERARCH ESO INS REF5 DIMX = 3.581 / Size in x direction of REF i
HIERARCH ESO INS REF5 DIMY = 3.582 / Size in y direction of REF i
HIERARCH ESO INS SLIT1 TYPE = 'CURVE   ' / Type of SLIT i
HIERARCH ESO INS SLIT1 ID = 30188 / ID of SLIT i
HIERARCH ESO INS SLIT1 OBJ RA = 266.261546 / RA (J2000) of object
HIERARCH ESO INS SLIT1 OBJ DEC = -31.992658 / DEC (J2000) of object
HIERARCH ESO INS SLIT1 X = 78.036 / x co-ordinate of SLIT i
HIERARCH ESO INS SLIT1 Y = -96.539 / y co-ordinate of SLIT i
HIERARCH ESO INS SLIT1 DIMX = 17.478 / Size in x direction of SLIT i
HIERARCH ESO INS SLIT1 DIMY = 17.492 / Size in y direction of SLIT i
HIERARCH ESO INS SLIT1 BEZIER DY = 0.58198 / Slit width
HIERARCH ESO INS SLIT1 BEZIER AX = 7.0E-05 / Parameter AX of X BEZIER equation
HIERARCH ESO INS SLIT1 BEZIER BX = 0.00248 / Parameter BX of X BEZIER equation
HIERARCH ESO INS SLIT1 BEZIER CX = 17.47487 / Parameter CX of X BEZIER equation
HIERARCH ESO INS SLIT1 BEZIER XX = 69.29335 / Parameter X0 of X BEZIER equation
HIERARCH ESO INS SLIT1 BEZIER AY = 1.0E-05 / Parameter AY of Y BEZIER equation
HIERARCH ESO INS SLIT1 BEZIER BY = -0.00059 / Parameter BY of Y BEZIER equation
HIERARCH ESO INS SLIT1 BEZIER CY = 0.01027 / Parameter CY of Y BEZIER equation
HIERARCH ESO INS SLIT1 BEZIER YY = -93.88657 / Parameter Y0 of Y BEZIER equatio
HIERARCH ESO INS PIXSCALE = 0.205 / Pixel scale
HIERARCH ESO INS MODE = 'MOS     ' / Instrument Observation Mode
HIERARCH ESO INS FILT4 FIX = F / Filter mode degraded
HIERARCH ESO INS FILT4 SIM = F / Device Hardware Simulation
HIERARCH ESO INS FILT4 NAME = 'GG475   ' / Filter name
HIERARCH ESO INS FILT4 ID = 'vm-GG475-4.10' / Filter ESO ID
HIERARCH ESO INS MASK4 FIX = F / Mask mode degraded
HIERARCH ESO INS MASK4 SIM = F / Device Hardware Simulation
HIERARCH ESO INS MASK4 NO =  2 / Mask set number
HIERARCH ESO INS FOCU3 FIX = F / Focusing mode degraded
HIERARCH ESO INS FOCU3 SIM = F / Device Hardware Simulation
HIERARCH ESO INS FOCU3 TEMP = 9.266386 / Temperature(C) for the beam
HIERARCH ESO INS FOCU3 MODE = 'AUTO    ' / Focusing : Manual or Automatic
HIERARCH ESO INS FOCU3 VALUE = 695.654274 / Camera lens position(micron)
HIERARCH ESO INS FOCU1 FIX = F / Focusing mode degraded
HIERARCH ESO INS FOCU1 SIM = F / Device Hardware Simulation
HIERARCH ESO INS FOCU1 TEMP = 9.194336 / Temperature(C) for the beam
HIERARCH ESO INS FOCU1 MODE = 'AUTO    ' / Focusing : Manual or Automatic
HIERARCH ESO INS FOCU1 VALUE = 808.658756 / Camera lens position(micron)
HIERARCH ESO INS FOCU4 FIX = F / Focusing mode degraded
HIERARCH ESO INS FOCU4 SIM = F / Device Hardware Simulation
HIERARCH ESO INS FOCU4 MODE = 'AUTO    ' / Focusing : Manual or Automatic
HIERARCH ESO INS FOCU4 VALUE = 1078.262947 / Camera lens position(micron)
HIERARCH ESO INS MSHU4 FIX = F / Mask Shutter mode degraded
HIERARCH ESO INS MSHU4 SIM = T / Device Hardware Simulation
HIERARCH ESO INS MSHU4 MODE = 'OFF     ' / Mask Shutter mode
HIERARCH ESO INS MSHU4 POSH = 7.348085 / High Mask Shutters positions (mm)
HIERARCH ESO INS MSHU4 POSL = 7.348085 / Low Mask Shutters position (mm)
HIERARCH ESO INS GRIS4 FIX = F / Grism mode degraded
HIERARCH ESO INS GRIS4 SIM = F / Device Hardware Simulation
HIERARCH ESO INS GRIS4 NAME = 'MR      ' / Grism name
HIERARCH ESO INS GRIS4 ID = 'vm-MR-4.2' / Grism ESO ID
HIERARCH ESO INS AFC41 FIX = F / AFC mode degraded
HIERARCH ESO INS AFC41 SIM = F / Device Hardware Simulation
HIERARCH ESO INS AFC42 FIX = F / AFC mode degraded
HIERARCH ESO INS AFC42 SIM = F / Device Hardware Simulation
HIERARCH ESO INS FOCU2 FIX = F / Focusing mode degraded
HIERARCH ESO INS FOCU2 SIM = F / Device Hardware Simulation
HIERARCH ESO INS FOCU2 TEMP = 9.547997 / Temperature(C) for the beam
HIERARCH ESO INS FOCU2 MODE = 'AUTO    ' / Focusing : Manual or Automatic
HIERARCH ESO INS FOCU2 VALUE = 723.230642 / Camera lens position(micron)
HIERARCH ESO INS LAMP1 FIX = F / Lamp[i] mode degraded
HIERARCH ESO INS LAMP1 SIM = F / Device Hardware Simulation
HIERARCH ESO INS LAMP1 TIME = 0 / Lamp lightening time
HIERARCH ESO INS LAMP1 STATE = 'OFF     ' / State for this lamp in each box
HIERARCH ESO INS LAMP1 NAME = 'QTH50   ' / Calibration lamp name
HIERARCH ESO INS LAMP1 ID = 'vm-QTH50-1' / Calib. lamp ESO identification
HIERARCH ESO INS LAMP2 FIX = F / Lamp[i] mode degraded
HIERARCH ESO INS LAMP2 SIM = F / Device Hardware Simulation
HIERARCH ESO INS LAMP2 TIME = 0 / Lamp lightening time
HIERARCH ESO INS LAMP2 STATE = 'OFF     ' / State for this lamp in each box
HIERARCH ESO INS LAMP2 NAME = 'QTH10   ' / Calibration lamp name
HIERARCH ESO INS LAMP2 ID = 'vm-QTH10-2' / Calib. lamp ESO identification
HIERARCH ESO INS IFUM1 FIX = F / IFU Mask mode degraded
HIERARCH ESO INS IFUM1 SIM = F / Device Hardware Simulation
HIERARCH ESO INS IFUM1 MODE = 'OFF     ' / IFU Mask mode
HIERARCH ESO INS LAMP3 FIX = F / Lamp[i] mode degraded
HIERARCH ESO INS LAMP3 SIM = F / Device Hardware Simulation
HIERARCH ESO INS LAMP3 TIME = 0 / Lamp lightening time
HIERARCH ESO INS LAMP3 STATE = 'OFF     ' / State for this lamp in each box
HIERARCH ESO INS LAMP3 NAME = 'He      ' / Calibration lamp name
HIERARCH ESO INS LAMP3 ID = 'vm-He-3 ' / Calib. lamp ESO identification
HIERARCH ESO INS IFUM2 FIX = F / IFU Mask mode degraded
HIERARCH ESO INS IFUM2 SIM = F / Device Hardware Simulation
HIERARCH ESO INS IFUM2 MODE = 'OFF     ' / IFU Mask mode
HIERARCH ESO INS LAMP4 FIX = F / Lamp[i] mode degraded
HIERARCH ESO INS LAMP4 SIM = F / Device Hardware Simulation
HIERARCH ESO INS LAMP4 TIME = 0 / Lamp lightening time
HIERARCH ESO INS LAMP4 STATE = 'OFF     ' / State for this lamp in each box
HIERARCH ESO INS LAMP4 NAME = 'Ne      ' / Calibration lamp name
HIERARCH ESO INS LAMP4 ID = 'vm-Ne-4 ' / Calib. lamp ESO identification
HIERARCH ESO INS LAMP5 FIX = F / Lamp[i] mode degraded
HIERARCH ESO INS LAMP5 SIM = F / Device Hardware Simulation
HIERARCH ESO INS LAMP5 TIME = 0 / Lamp lightening time
HIERARCH ESO INS LAMP5 STATE = 'OFF     ' / State for this lamp in each box
HIERARCH ESO INS LAMP5 NAME = 'Ar      ' / Calibration lamp name
HIERARCH ESO INS LAMP5 ID = 'vm-Ar-5 ' / Calib. lamp ESO identification
HIERARCH ESO INS LAMP6 FIX = F / Lamp[i] mode degraded
HIERARCH ESO INS LAMP6 SIM = F / Device Hardware Simulation
HIERARCH ESO INS LAMP6 TIME = 0 / Lamp lightening time
HIERARCH ESO INS LAMP6 STATE = 'OFF     ' / State for this lamp in each box
HIERARCH ESO INS LAMP6 NAME = 'Afc     ' / Calibration lamp name
HIERARCH ESO INS LAMP6 ID = 'vm-Afc-6' / Calib. lamp ESO identification
HIERARCH ESO INS IFUE FIX =  F / IFU Elongator mode degraded
HIERARCH ESO INS IFUE SIM =  F / Device Hardware Simulation
HIERARCH ESO INS IFUE MAG = '1:1     ' / IFU Magnification 0.33(1:2) or 0.6
HIERARCH ESO INS IFUS FIX =  F / IFU Shutter mode degraded
HIERARCH ESO INS IFUS SIM =  F / Device Hardware Simulation
HIERARCH ESO INS IFUS MODE = 'OFF     ' / IFU Shutter CLOSED(ON) or OPEN(OFF
HIERARCH ESO DET OUT1 INDEX = 1 / Output index
HIERARCH ESO DET OUT1 ID = 'L       ' / Output ID as from manufacturer
HIERARCH ESO DET OUT1 NAME = 'L       ' / Description of output
HIERARCH ESO DET OUT1 CHIP = 2 / index of chip it belongs to
HIERARCH ESO DET OUT1 X =    1 / X location of output
HIERARCH ESO DET OUT1 Y =    1 / Y location of output
HIERARCH ESO DET OUT1 NX = 2048 / valid pixels along X
HIERARCH ESO DET OUT1 NY = 4096 / valid pixels along Y
HIERARCH ESO DET OUT1 CONAD = 0.57 / Conversion from ADUs to electrons
HIERARCH ESO DET OUT1 RON = 3.26 / Readout noise per output (e-)
HIERARCH ESO DET OUT1 GAIN = 1.75 / Conversion from electrons to ADU
HIERARCH ESO DET ID = 'CCD FIERA - Rev: 3.108' / Detector system Id
HIERARCH ESO DET NAME = 'Vimosb - vimosb' / Name of detector system
HIERARCH ESO DET DATE = '2010-07-01' / Installation date
HIERARCH ESO DET DID = 'ESO-VLT-DIC.CCDDCS,ESO-VLT-DIC.FCDDCS' / Diction
HIERARCH ESO DET BITS =     16 / Bits per pixel readout
HIERARCH ESO DET RA =       0. / Apparent 00:00:00.0 RA at start
HIERARCH ESO DET DEC =      0. / Apparent 00:00:00.0 DEC at start
HIERARCH ESO DET CHIPS =     1 / # of chips in detector array
HIERARCH ESO DET OUTPUTS =   1 / # of outputs
HIERARCH ESO DET OUTREF =    0 / reference output
HIERARCH ESO DET WINDOWS =   1 / # of windows readout
HIERARCH ESO DET SOFW MODE = 'Normal  ' / CCD sw operational mode
HIERARCH ESO DET EXP NO = 4579 / Unique exposure ID number
HIERARCH ESO DET EXP TYPE = 'Normal  ' / Exposure type
HIERARCH ESO DET EXP RDTTIME = 30.938 / image readout time
HIERARCH ESO DET EXP XFERTIM = 44.955 / image transfer time
HIERARCH ESO DET WIN1 ST =   T / If T, window enabled
HIERARCH ESO DET WIN1 STRX = 1 / Lower left pixel in X
HIERARCH ESO DET WIN1 STRY = 1 / Lower left pixel in Y
HIERARCH ESO DET WIN1 NX = 2148 / # of pixels along X
HIERARCH ESO DET WIN1 NY = 4096 / # of pixels along Y
HIERARCH ESO DET WIN1 BINX = 1 / Binning factor along X
HIERARCH ESO DET WIN1 BINY = 1 / Binning factor along Y
HIERARCH ESO DET WIN1 NDIT = 1 / # of subintegrations
HIERARCH ESO DET WIN1 UIT1 = 875. / user defined subintegration time
HIERARCH ESO DET WIN1 DIT1 = 874.989636 / actual subintegration time
HIERARCH ESO DET WIN1 DKTM = 875.1132 / Dark current time
HIERARCH ESO DET READ MODE = 'normal  ' / Readout method
HIERARCH ESO DET READ SPEED = 'medium  ' / Readout speed
HIERARCH ESO DET READ CLOCK = '225kHz,1port,HG' / Readout clock pattern used
HIERARCH ESO DET READ NFRAM = 1 / Number of readouts buffered in sin
HIERARCH ESO DET FRAM ID =   1 / Image sequencial number
HIERARCH ESO DET FRAM TYPE = 'Normal  ' / Type of frame
HIERARCH ESO DET SHUT TYPE = 'seso    ' / type of shutter
HIERARCH ESO DET SHUT ID = 'VIMOS shutter' / Shutter unique identifier
HIERARCH ESO DET SHUT TMOPEN = 0.094 / Time taken to open shutter
HIERARCH ESO DET SHUT TMCLOS = 0.073 / Time taken to close shutter
HIERARCH ESO DET TELE INT = 900. / Interval between two successive te
HIERARCH ESO DET TELE NO =   7 / # of sources active
HIERARCH ESO DET TLM1 NAME = 'CCD Cold Plate' / Description of telemetry param
HIERARCH ESO DET TLM1 ID = 'CCD_B1_T1' / ID of telemetry sensor
HIERARCH ESO DET TLM1 START = 140.2 / Telemetry value at read start
HIERARCH ESO DET TLM1 END = 140.2 / Telemetry value at read completion
HIERARCH ESO DET TLM2 NAME = 'CCD Cold Plate2' / Description of telemetry para
HIERARCH ESO DET TLM2 ID = 'CCD_B1_T2' / ID of telemetry sensor
HIERARCH ESO DET TLM2 START = 151.4 / Telemetry value at read start
HIERARCH ESO DET TLM2 END = 151.4 / Telemetry value at read completion
HIERARCH ESO DET TLM3 NAME = 'CCD Cold Plate' / Description of telemetry param
HIERARCH ESO DET TLM3 ID = 'CCD_B4_T1' / ID of telemetry sensor
HIERARCH ESO DET TLM3 START = 140. / Telemetry value at read start
HIERARCH ESO DET TLM3 END = 140. / Telemetry value at read completion
HIERARCH ESO DET TLM4 NAME = 'CCD Cold Plate2' / Description of telemetry para
HIERARCH ESO DET TLM4 ID = 'CCD_B4_T2' / ID of telemetry sensor
HIERARCH ESO DET TLM4 START = 140.6 / Telemetry value at read start
HIERARCH ESO DET TLM4 END = 140.6 / Telemetry value at read completion
HIERARCH ESO DET TLM5 NAME = 'FBOX    ' / Description of telemetry param.
HIERARCH ESO DET TLM5 ID = 'FBOX    ' / ID of telemetry sensor
HIERARCH ESO DET TLM5 START = 284.3 / Telemetry value at read start
HIERARCH ESO DET TLM5 END = 284.3 / Telemetry value at read completion
HIERARCH ESO DET TLM6 NAME = 'Vaccum_B1' / Description of telemetry param.
HIERARCH ESO DET TLM6 ID = 'Vaccum_B1' / ID of telemetry sensor
HIERARCH ESO DET TLM6 START = 0. / Telemetry value at read start
HIERARCH ESO DET TLM6 END = 0. / Telemetry value at read completion
HIERARCH ESO DET TLM7 NAME = 'Vaccum_B4' / Description of telemetry param.
HIERARCH ESO DET TLM7 ID = 'Vaccum_B4' / ID of telemetry sensor
HIERARCH ESO DET TLM7 START = 0. / Telemetry value at read start
HIERARCH ESO DET TLM7 END = 0. / Telemetry value at read completion
HIERARCH ESO DET CHIP1 INDEX = 2 / Chip index
HIERARCH ESO DET CHIP1 ID = 'DAVID   ' / Detector chip identification
HIERARCH ESO DET CHIP1 NAME = 'EEV CCD-44-82' / Detector chip name
HIERARCH ESO DET CHIP1 DATE = '2000-08-30' / Date of installation [YYYY-MM-DD]
HIERARCH ESO DET CHIP1 X =   2 / X location in array
HIERARCH ESO DET CHIP1 Y =   1 / Y location in array
HIERARCH ESO DET CHIP1 NX = 2048 / # of pixels along X
HIERARCH ESO DET CHIP1 NY = 4096 / # of pixels along Y
HIERARCH ESO DET CHIP1 PSZX = 15. / Size of pixel in X
HIERARCH ESO DET CHIP1 PSZY = 15. / Size of pixel in Y
HIERARCH ESO DET CHIP1 XGAP = 0. / Gap between chips along x
HIERARCH ESO DET CHIP1 YGAP = 0. / Gap between chips along y
HIERARCH ESO PRO EXPTTOT = 1749.979
HIERARCH ESO PRO DID = 'PRO-1.15' / Data dictionary for PRO
HIERARCH ESO PRO CATG = 'MOS_SCIENCE_SKY_EXTRACTED' / Category of pipeline produ
HIERARCH ESO PRO TYPE = 'REDUCED ' / Product type
HIERARCH ESO PRO TECH = 'MOS     ' / Observation technique
HIERARCH ESO PRO SCIENCE =   T / Scientific product if T
HIERARCH ESO PRO REC1 ID = 'vmmosscience' / Pipeline recipe (unique) identifier
HIERARCH ESO PRO REC1 DRS ID = 'cpl-5.3.1' / Data Reduction System identifier
HIERARCH ESO PRO REC1 PIPE ID = 'vimos-2.6.6' / Pipeline (unique) identifier
HIERARCH ESO PRO REC1 RAW1 NAME = 'VIMOS.2011-06-24T05:56:42.518.fits' / File na
HIERARCH ESO PRO REC1 RAW1 CATG = 'MOS_SCIENCE' / Category of raw frame
HIERARCH ESO PRO REC1 RAW2 NAME = 'VIMOS.2011-06-24T06:12:12.758.fits' / File na
HIERARCH ESO PRO REC1 RAW2 CATG = 'MOS_SCIENCE' / Category of raw frame
HIERARCH ESO PRO DATANCOM =  2 / Number of combined frames
HIERARCH ESO PRO REC1 CAL1 NAME = 'VI_MBIA_110623A_Q4_hi.fits' / File name of ca
HIERARCH ESO PRO REC1 CAL1 CATG = 'MASTER_BIAS' / Category of calibration frame
HIERARCH ESO PRO REC1 CAL1 DATAMD5 = '673c40dfda0b84a15a20fb9449258b79' / MD5 si
HIERARCH ESO PRO REC1 CAL2 NAME = 'VI_GCFG_100630A_MR_Q4.fits' / File name of ca
HIERARCH ESO PRO REC1 CAL2 CATG = 'CONFIG_TABLE' / Category of calibration frame
HIERARCH ESO PRO REC1 CAL2 DATAMD5 = '827358dea0214d1587a3f99820ec5810' / MD5 si
HIERARCH ESO PRO REC1 CAL3 NAME = 'VI_PDCM_110623A_GG475_MR_402230_Q4_hi.fits'
HIERARCH ESO PRO REC1 CAL3 CATG = 'MOS_DISP_COEFF' / Category of calibration fra
HIERARCH ESO PRO REC1 CAL3 DATAMD5 = '23de2fae2b202c66920dab8009c4fb97' / MD5 si
HIERARCH ESO PRO REC1 CAL4 NAME = 'VI_PCCM_110623A_GG475_MR_402230_Q4_hi.fits'
HIERARCH ESO PRO REC1 CAL4 CATG = 'MOS_CURV_COEFF' / Category of calibration fra
HIERARCH ESO PRO REC1 CAL4 DATAMD5 = '9ecd145d4697c5539023432e40bb66c5' / MD5 si
HIERARCH ESO PRO REC1 CAL5 NAME = 'VI_PSLM_110623A_GG475_MR_402230_Q4_hi.fits'
HIERARCH ESO PRO REC1 CAL5 CATG = 'MOS_SLIT_LOCATION' / Category of calibration
HIERARCH ESO PRO REC1 CAL5 DATAMD5 = '4b17d79db3ed3b5d3a3f9479f1bcd268' / MD5 si
HIERARCH ESO PRO REC1 CAL6 NAME = 'VI_MSFM_110623A_GG475_MR_402230_Q4_hi.fits'
HIERARCH ESO PRO REC1 CAL6 CATG = 'MOS_MASTER_SCREEN_FLAT' / Category of calibra
HIERARCH ESO PRO REC1 CAL6 DATAMD5 = '83921cb5afef264af3404b5826f32d30' / MD5 si
HIERARCH ESO PRO REC1 CAL7 NAME = 'VI_GRSM_101001A_GG475_MR_Q4.fits' / File name
HIERARCH ESO PRO REC1 CAL7 CATG = 'MOS_MASTER_RESPONSE' / Category of calibratio
HIERARCH ESO PRO REC1 CAL8 NAME = 'VI_GEXT_110101A_extinct_table.fits' / File na
HIERARCH ESO PRO REC1 CAL8 CATG = 'EXTINCT_TABLE' / Category of calibration fram
HIERARCH ESO PRO REC1 PARAM1 NAME = 'dispersion' / Resampling step (Angstrom/pix
HIERARCH ESO PRO REC1 PARAM1 VALUE = '2.6     ' / Default: 0
HIERARCH ESO PRO REC1 PARAM2 NAME = 'skyalign' / Polynomial order for sky lines
HIERARCH ESO PRO REC1 PARAM2 VALUE = '-1      ' / Default: 0
HIERARCH ESO PRO REC1 PARAM3 NAME = 'wcolumn ' / Name of sky line catalog table
HIERARCH ESO PRO REC1 PARAM3 VALUE = 'WLEN    ' / Default: 'WLEN'
HIERARCH ESO PRO REC1 PARAM4 NAME = 'startwavelength' / Start wavelength in spec
HIERARCH ESO PRO REC1 PARAM4 VALUE = '3500    ' / Default: 0
HIERARCH ESO PRO REC1 PARAM5 NAME = 'endwavelength' / End wavelength in spectral
HIERARCH ESO PRO REC1 PARAM5 VALUE = '10000   ' / Default: 0
HIERARCH ESO PRO REC1 PARAM6 NAME = 'reference' / Reference wavelength for calib
HIERARCH ESO PRO REC1 PARAM6 VALUE = '7635.11 ' / Default: 0
HIERARCH ESO PRO REC1 PARAM7 NAME = 'flux    ' / Apply flux conservation
HIERARCH ESO PRO REC1 PARAM7 VALUE = 'true    ' / Default: true
HIERARCH ESO PRO REC1 PARAM8 NAME = 'flatfield' / Apply flat field
HIERARCH ESO PRO REC1 PARAM8 VALUE = 'true    ' / Default: true
HIERARCH ESO PRO REC1 PARAM9 NAME = 'skyglobal' / Subtract global sky spectrum f
HIERARCH ESO PRO REC1 PARAM9 VALUE = 'false   ' / Default: false
HIERARCH ESO PRO REC1 PARAM10 NAME = 'skymedian' / Sky subtraction from extracte
HIERARCH ESO PRO REC1 PARAM10 VALUE = 'false   ' / Default: false
HIERARCH ESO PRO REC1 PARAM11 NAME = 'skylocal' / Sky subtraction from CCD slit
HIERARCH ESO PRO REC1 PARAM11 VALUE = 'true    ' / Default: true
HIERARCH ESO PRO REC1 PARAM12 NAME = 'cosmics ' / Eliminate cosmic rays hits (on
HIERARCH ESO PRO REC1 PARAM12 VALUE = 'true    ' / Default: true
HIERARCH ESO PRO REC1 PARAM13 NAME = 'slit_margin' / Number of pixels to exclude
HIERARCH ESO PRO REC1 PARAM13 VALUE = '3       ' / Default: 3
HIERARCH ESO PRO REC1 PARAM14 NAME = 'ext_radius' / Maximum extraction radius fo
HIERARCH ESO PRO REC1 PARAM14 VALUE = '10      ' / Default: 6
HIERARCH ESO PRO REC1 PARAM15 NAME = 'cont_radius' / Minimum distance at which t
HIERARCH ESO PRO REC1 PARAM15 VALUE = '0       ' / Default: 0
HIERARCH ESO PRO REC1 PARAM16 NAME = 'ext_mode' / Object extraction method: 0 =
HIERARCH ESO PRO REC1 PARAM16 VALUE = '1       ' / Default: 1
HIERARCH ESO PRO REC1 PARAM17 NAME = 'detection' / Object detection threshold (A
HIERARCH ESO PRO REC1 PARAM17 VALUE = '2       ' / Default: 2
HIERARCH ESO PRO REC1 PARAM18 NAME = 'time_normalise' / Normalise output spectra
HIERARCH ESO PRO REC1 PARAM18 VALUE = 'true    ' / Default: true
HIERARCH ESO PRO REC1 PARAM19 NAME = 'anyframe' / Look for a standard star in an
HIERARCH ESO PRO REC1 PARAM19 VALUE = 'false   ' / Default: false
HIERARCH ESO PRO REC1 PARAM20 NAME = 'response' / Order of polynomial modeling t
HIERARCH ESO PRO REC1 PARAM20 VALUE = '5       ' / Default: 5
HIERARCH ESO PRO REC1 PARAM21 NAME = 'photometry' / Apply spectrophotometric cal
HIERARCH ESO PRO REC1 PARAM21 VALUE = 'true    ' / Default: false
HIERARCH ESO PRO REC1 PARAM22 NAME = 'alignment' / Type of alignment of dithered
HIERARCH ESO PRO REC1 PARAM22 VALUE = 'integer ' / Default: 'integer'
HIERARCH ESO PRO REC1 PARAM23 NAME = 'stack_method' / Frames combination method
HIERARCH ESO PRO REC1 PARAM23 VALUE = 'average ' / Default: 'average'
HIERARCH ESO PRO REC1 PARAM24 NAME = 'minrejection' / Number of lowest values to
HIERARCH ESO PRO REC1 PARAM24 VALUE = '1       ' / Default: 1
HIERARCH ESO PRO REC1 PARAM25 NAME = 'maxrejection' / Number of highest values t
HIERARCH ESO PRO REC1 PARAM25 VALUE = '1       ' / Default: 1
HIERARCH ESO PRO REC1 PARAM26 NAME = 'klow    ' / Low threshold in ksigma method
HIERARCH ESO PRO REC1 PARAM26 VALUE = '3       ' / Default: 3
HIERARCH ESO PRO REC1 PARAM27 NAME = 'khigh   ' / High threshold in ksigma metho
HIERARCH ESO PRO REC1 PARAM27 VALUE = '3       ' / Default: 3
HIERARCH ESO PRO REC1 PARAM28 NAME = 'kiter   ' / Max number of iterations in ks
HIERARCH ESO PRO REC1 PARAM28 VALUE = '999     ' / Default: 999
HIERARCH ESO PRO REC1 PARAM29 NAME = 'dither  ' / Align dithered frames before s
HIERARCH ESO PRO REC1 PARAM29 VALUE = 'true    ' / Default: true
HIERARCH ESO PRO REC1 PARAM30 NAME = 'compute ' / Compute offsets of dithered im
HIERARCH ESO PRO REC1 PARAM30 VALUE = 'false   ' / Default: false
HIERARCH ESO PRO REC1 PARAM31 NAME = 'fringing' / Apply fringing correction (onl
HIERARCH ESO PRO REC1 PARAM31 VALUE = 'true    ' / Default: true
HIERARCH ESO PRO REC1 PARAM32 NAME = 'offset  ' / Minimum required offset betwee
HIERARCH ESO PRO REC1 PARAM32 VALUE = '4       ' / Default: 3
HIERARCH ESO PRO REC1 PARAM33 NAME = 'qc      ' / Compute QC1 parameters
HIERARCH ESO PRO REC1 PARAM33 VALUE = 'true    ' / Default: true
HIERARCH ESO ADA ABSROT START = 151.4875 / Abs rot angle at exp start (deg)
HIERARCH ESO ADA POSANG = -144.95036 / Position angle at start
HIERARCH ESO ADA GUID STATUS = 'ON      ' / Status of autoguider
HIERARCH ESO ADA GUID RA = 266.529229 / 17:46:07.0 Guide star RA J2000
HIERARCH ESO ADA GUID DEC = -32.04856 / -32:02:54.8 Guide star DEC J2000
HIERARCH ESO ADA ABSROT PPOS = 'POS     ' / sign of probe position
HIERARCH ESO ADA ABSROT END = 151.25835 / Abs rot angle at exp end (deg)
HIERARCH ESO OCS CON QUAD =  4 / Quadrant Number
HIERARCH ESO OCS CMF FILE1 NAME = 'MOS_sky2ccd_4.cmf' / Calibration matrix file
HIERARCH ESO OCS CMF FILE1 CRTEDATE = '2011-05-27T11:49:08' / Calibration matrix
HIERARCH ESO OCS CMF FILE2 NAME = 'MOS_wavecal_MR_4.cmf' / Calibration matrix fi
HIERARCH ESO OCS CMF FILE2 CRTEDATE = '2005-11-10T17:43:40' / Calibration matrix
HIERARCH ESO OCS COMP ID = '1.38+.1.5 2011/05/21 13:31:58' / OS Software Ver
HIERARCH ESO OCS DID = 'ESO-VLT-DIC.VIMOS_OS-0.2' / Data dictionary for
HISTORY 'FTU-2_5_2/2011-06-24/CHANGE: DET.WIN1.NX, 2148
COMMENT 'FTU-2_5_2/2011-06-24T06:12:13/vimos.ftt
COMMENT rocessed by HOTF_version : 1.1 on 2011-06-02T23:45:3
CDBFILE = 'VI_SSEM_577734_2011-06-24T05:56:42.518_G475_MR_402230_Q4_hi.fits' / Q
ARCFILE = 'S.VIMOS.2011-06-28T15:28:51.491.fits' / Archive File Name
